usage: train_boenet.py [-h] [--config CONFIG]
                       [--dataset {shakespeare,tinystories,textfile}]
                       [--text_file TEXT_FILE] [--data_root DATA_ROOT]
                       [--val_ratio VAL_RATIO] [--batch_size BATCH_SIZE]
                       [--seq_len SEQ_LEN] [--stride STRIDE]
                       [--num_workers NUM_WORKERS] [--pin_memory [PIN_MEMORY]]
                       [--embed_dim EMBED_DIM] [--hidden_dim HIDDEN_DIM]
                       [--max_depth MAX_DEPTH] [--max_children MAX_CHILDREN]
                       [--no_sibling_embed [NO_SIBLING_EMBED]]
                       [--pooling_mode {mean,sum,learned}]
                       [--use_pruning [USE_PRUNING]]
                       [--pruning_mode {learned,threshold}]
                       [--pruning_threshold PRUNING_THRESHOLD]
                       [--num_rollouts NUM_ROLLOUTS]
                       [--lambda_efficiency LAMBDA_EFFICIENCY]
                       [--beta_entropy BETA_ENTROPY]
                       [--beta_policy BETA_POLICY]
                       [--greedy_threshold GREEDY_THRESHOLD]
                       [--prune_l1_weight PRUNE_L1_WEIGHT]
                       [--prune_kl_weight PRUNE_KL_WEIGHT]
                       [--prune_keep_rate PRUNE_KEEP_RATE] [--opt {adamw,sgd}]
                       [--lr LR] [--weight_decay WEIGHT_DECAY]
                       [--grad_clip GRAD_CLIP] [--momentum MOMENTUM]
                       [--nesterov [NESTEROV]] [--adamw_beta1 ADAMW_BETA1]
                       [--adamw_beta2 ADAMW_BETA2] [--adamw_eps ADAMW_EPS]
                       [--lr_schedule {none,cosine,step}]
                       [--lr_step_size LR_STEP_SIZE] [--lr_gamma LR_GAMMA]
                       [--epochs EPOCHS] [--seed SEED] [--cpu [CPU]]
                       [--save_path SAVE_PATH]
                       [--debug_node_counts [DEBUG_NODE_COUNTS]]
train_boenet.py: error: argument --dataset: invalid choice: 'wikitext2' (choose from 'shakespeare', 'tinystories', 'textfile')
