[sanity:fashionmnist] batch=64x784 dtype=float32 xmin=-0.424 xmax=2.821 y[min,max]=[0,9] label_counts_head=(0:11, 1:5, 2:4, 3:3, 4:3), assert_flatten=OK
BFSNet v2.0.0 (
  input_dim=784, hidden_dim=64, output_dim=10,
  max_depth=1, max_children=0,
  greedy_threshold=0.5000,
  sibling_embed=False, sibling_scale=0.1250,
  use_pruning=False, pruning_mode='learned',
  pooling_mode='mean'
)
[dims] FashionMNIST: input_dim=784, num_classes=10
[run] epochs=10 | batch_size=64 | lr=0.001 | wd=0.0 | grad_clip=1.0
      policy: num_rollouts=1, λ_eff=0.0, β_ent=0.01, β_policy=0.5
      greedy_threshold=0.5 (inference)
      pooling_mode=mean
      pruning losses: L1*=0.0, KL*=0.0 (keep_rate=0.5)
[node metrics] Theoretical max nodes per example per rollout: 1
               With 1 rollouts: 1 total
               Batch-level max (B=64): 64 per rollout
[opt] adamw | lr=0.001 | wd=0.0
[lr] schedule=cosine

[epoch 1/10] lr=0.001000
[probe e=1 b=0] loss=2.365449
  logits: mean=-0.0881 std=0.2762 min=-1.0804 max=0.7271
  root_fc.weight: grad_norm=2.032948e+00
  output_fc.weight: grad_norm=6.778986e-01
  ||root_fc||_2=7.311425e-01
  ||output_fc||_2=7.730442e-01
[probe e=1 b=1] loss=2.190757
  logits: mean=-0.0938 std=0.2761 min=-1.1166 max=0.8804
  root_fc.weight: grad_norm=1.570365e+00
  output_fc.weight: grad_norm=5.375569e-01
  ||root_fc||_2=7.307720e-01
  ||output_fc||_2=7.731662e-01
  Train Loss: 0.4969 (cls=0.4969, policy=0.0000) | Val Loss: 0.4056
  Train Acc: 82.33% | Val Acc: 85.67% | Avg Total Nodes/Example: 1.00
  (Sparsity: 100.00% of theoretical max 1 nodes)

[epoch 2/10] lr=0.000976
[probe e=2 b=0] loss=0.469775
  logits: mean=-2.9099 std=4.6976 min=-14.5467 max=11.8091
  root_fc.weight: grad_norm=1.029996e+00
  output_fc.weight: grad_norm=1.790771e+00
  ||root_fc||_2=2.812309e+00
  ||output_fc||_2=1.147054e+00
[probe e=2 b=1] loss=0.499647
  logits: mean=-2.7793 std=4.6706 min=-15.0983 max=11.6024
  root_fc.weight: grad_norm=6.425822e-01
  output_fc.weight: grad_norm=1.072134e+00
  ||root_fc||_2=2.814023e+00
  ||output_fc||_2=1.147431e+00
  Train Loss: 0.3754 (cls=0.3754, policy=0.0000) | Val Loss: 0.3982
  Train Acc: 86.46% | Val Acc: 85.17% | Avg Total Nodes/Example: 1.00
  (Sparsity: 100.00% of theoretical max 1 nodes)

[epoch 3/10] lr=0.000905
  Train Loss: 0.3322 (cls=0.3322, policy=0.0000) | Val Loss: 0.3548
  Train Acc: 87.76% | Val Acc: 87.27% | Avg Total Nodes/Example: 1.00
  (Sparsity: 100.00% of theoretical max 1 nodes)

[epoch 4/10] lr=0.000794
  Train Loss: 0.3036 (cls=0.3036, policy=0.0000) | Val Loss: 0.3570
  Train Acc: 88.94% | Val Acc: 86.87% | Avg Total Nodes/Example: 1.00
  (Sparsity: 100.00% of theoretical max 1 nodes)

[epoch 5/10] lr=0.000655
  Train Loss: 0.2847 (cls=0.2847, policy=0.0000) | Val Loss: 0.3238
  Train Acc: 89.43% | Val Acc: 88.37% | Avg Total Nodes/Example: 1.00
  (Sparsity: 100.00% of theoretical max 1 nodes)

[epoch 6/10] lr=0.000500
  Train Loss: 0.2641 (cls=0.2641, policy=0.0000) | Val Loss: 0.3238
  Train Acc: 90.35% | Val Acc: 88.40% | Avg Total Nodes/Example: 1.00
  (Sparsity: 100.00% of theoretical max 1 nodes)

[epoch 7/10] lr=0.000345
  Train Loss: 0.2485 (cls=0.2485, policy=0.0000) | Val Loss: 0.3174
  Train Acc: 90.93% | Val Acc: 88.50% | Avg Total Nodes/Example: 1.00
  (Sparsity: 100.00% of theoretical max 1 nodes)

[epoch 8/10] lr=0.000206
  Train Loss: 0.2358 (cls=0.2358, policy=0.0000) | Val Loss: 0.3149
  Train Acc: 91.39% | Val Acc: 88.92% | Avg Total Nodes/Example: 1.00
  (Sparsity: 100.00% of theoretical max 1 nodes)

[epoch 9/10] lr=0.000095
  Train Loss: 0.2269 (cls=0.2269, policy=0.0000) | Val Loss: 0.3046
  Train Acc: 91.73% | Val Acc: 89.30% | Avg Total Nodes/Example: 1.00
  (Sparsity: 100.00% of theoretical max 1 nodes)

[epoch 10/10] lr=0.000024
  Train Loss: 0.2209 (cls=0.2209, policy=0.0000) | Val Loss: 0.3036
  Train Acc: 91.89% | Val Acc: 89.25% | Avg Total Nodes/Example: 1.00
  (Sparsity: 100.00% of theoretical max 1 nodes)

Saved checkpoint → runs/20251220_025958/k0_poolmean_hd64_lr0p001_bs64_wd0p0_d1_lam0p0_thr0p5_roll1_rep0/k0_poolmean_hd64_lr0p001_bs64_wd0p0_d1_lam0p0_thr0p5_roll1_rep0.pt
Best val loss: 0.3036 at epoch 10

===============================================================================
POST-TRAINING: Greedy Threshold Tuning Recommendations
===============================================================================

Your model was trained with:
  lambda_efficiency = 0.0
  greedy_threshold  = 0.5

NEXT STEPS:

1. Measure the learned grow_prob distribution:
   python3 infer_fmnist_bfs.py --ckpt runs/20251220_025958/k0_poolmean_hd64_lr0p001_bs64_wd0p0_d1_lam0p0_thr0p5_roll1_rep0/k0_poolmean_hd64_lr0p001_bs64_wd0p0_d1_lam0p0_thr0p5_roll1_rep0.pt \
       --debug_policy --node_samples 1000 --cpu

   This will show you:
   - Mean grow_prob (typically 0.40-0.50)
   - % of decisions above threshold 0.5
   - Distribution histogram

2. Based on the measured mean_grow_prob, choose optimal threshold:

   If mean_grow_prob ≈ 0.445, recommended settings:
     • threshold = 0.50 → Root-only (1 node, max efficiency)
     • threshold = 0.42 → Balanced (~6-8 nodes, good accuracy)
     • threshold = 0.35 → Dense (~10-12 nodes, max accuracy)

   General rule: optimal_threshold ≈ mean_grow_prob - 0.03

3. Retrain with optimal threshold (if needed):
   python3 train_fmnist_bfs.py \
       --lambda_efficiency 0.0 \
       --greedy_threshold 0.42 \
       --epochs 10

4. OR run full (λ, threshold) sweep to find optimal pair:
   python3 bfs_training_matrix.py \
       --config configs/threshold_sweep.yaml

EMPIRICAL FINDINGS:
  • Higher λ (0.05) often gives BETTER accuracy than lower λ (0.01)
  • Policy learns grow_prob ≈ 0.44-0.45 regardless of λ value
  • Default threshold=0.5 typically results in root-only inference
  • Root-only achieves ~86-87% accuracy on FashionMNIST

See docs/architecture.md for complete analysis and recommendations.
===============================================================================

__SUMMARY__ {"run": {"seed": 42, "epochs": 10, "batch_size": 64}, "optimizer": {"name": "adamw", "lr": 0.001, "weight_decay": 0.0}, "model": {"hidden_dim": 64, "max_depth": 1, "max_children": 0, "pooling_mode": "mean", "greedy_threshold": 0.5}, "policy": {"num_rollouts": 1, "lambda_efficiency": 0.0, "beta_entropy": 0.01, "beta_policy": 0.5}, "results": {"best_val_loss": 0.30357551225026447, "best_epoch": 10, "final_val_acc": 89.25}, "time": {"total_s": 38.71863399099675, "epoch_avg_s": 3.871861838301993, "last_epoch_s": 3.780030630005058}, "artifacts": {"checkpoint": "runs/20251220_025958/k0_poolmean_hd64_lr0p001_bs64_wd0p0_d1_lam0p0_thr0p5_roll1_rep0/k0_poolmean_hd64_lr0p001_bs64_wd0p0_d1_lam0p0_thr0p5_roll1_rep0.pt"}}
