[sanity:fashionmnist] batch=64x784 dtype=float32 xmin=-0.424 xmax=2.821 y[min,max]=[0,9] label_counts_head=(0:11, 1:5, 2:4, 3:3, 4:3), assert_flatten=OK
BFSNet v2.0.0 (
  input_dim=784, hidden_dim=64, output_dim=10,
  max_depth=2, max_children=2,
  greedy_threshold=0.4000,
  sibling_embed=True, sibling_scale=0.1250,
  use_pruning=False, pruning_mode='learned',
  pooling_mode='mean'
)
[dims] FashionMNIST: input_dim=784, num_classes=10
[run] epochs=10 | batch_size=64 | lr=0.001 | wd=0.0 | grad_clip=1.0
      policy: num_rollouts=3, λ_eff=0.05, β_ent=0.01, β_policy=0.5
      greedy_threshold=0.4 (inference)
      pooling_mode=mean
      pruning losses: L1*=0.0, KL*=0.0 (keep_rate=0.5)
[node metrics] Theoretical max nodes per example per rollout: 7
               With 3 rollouts: 21 total
               Batch-level max (B=64): 448 per rollout
[opt] adamw | lr=0.001 | wd=0.0
[lr] schedule=cosine

[epoch 1/10] lr=0.001000
[probe e=1 b=0] loss=1.509872
  logits: mean=0.0320 std=0.1694 min=-0.6405 max=0.6350
  root_fc.weight: grad_norm=1.346051e+00
  output_fc.weight: grad_norm=3.191020e-01
  ||root_fc||_2=7.311425e-01
  ||output_fc||_2=7.449568e-01
[probe e=1 b=1] loss=1.358968
  logits: mean=0.0317 std=0.1435 min=-0.6436 max=0.7067
  root_fc.weight: grad_norm=7.613908e-01
  output_fc.weight: grad_norm=2.928670e-01
  ||root_fc||_2=7.312291e-01
  ||output_fc||_2=7.463511e-01
  Train Loss: -0.3475 (cls=0.5358, policy=-1.7665) | Val Loss: 0.4328
  Train Acc: 81.29% | Val Acc: 84.82% | Avg Total Nodes/Example: 8.73
  (Sparsity: 41.57% of theoretical max 21 nodes)

[epoch 2/10] lr=0.000976
[probe e=2 b=0] loss=-0.447484
  logits: mean=-1.8115 std=4.1766 min=-12.3624 max=13.6003
  root_fc.weight: grad_norm=4.535063e-01
  output_fc.weight: grad_norm=8.695479e-01
  ||root_fc||_2=3.034305e+00
  ||output_fc||_2=1.334053e+00
[probe e=2 b=1] loss=-0.362149
  logits: mean=-1.8644 std=4.0572 min=-12.8654 max=10.8520
  root_fc.weight: grad_norm=7.768562e-01
  output_fc.weight: grad_norm=9.888906e-01
  ||root_fc||_2=3.042236e+00
  ||output_fc||_2=1.334916e+00
  Train Loss: -0.5019 (cls=0.3862, policy=-1.7761) | Val Loss: 0.3758
  Train Acc: 86.01% | Val Acc: 86.53% | Avg Total Nodes/Example: 8.79
  (Sparsity: 41.87% of theoretical max 21 nodes)

[epoch 3/10] lr=0.000905
  Train Loss: -0.5448 (cls=0.3409, policy=-1.7712) | Val Loss: 0.3832
  Train Acc: 87.72% | Val Acc: 86.00% | Avg Total Nodes/Example: 8.81
  (Sparsity: 41.94% of theoretical max 21 nodes)

[epoch 4/10] lr=0.000794
  Train Loss: -0.5758 (cls=0.3126, policy=-1.7769) | Val Loss: 0.3691
  Train Acc: 88.54% | Val Acc: 86.92% | Avg Total Nodes/Example: 8.85
  (Sparsity: 42.13% of theoretical max 21 nodes)

[epoch 5/10] lr=0.000655
  Train Loss: -0.5986 (cls=0.2895, policy=-1.7763) | Val Loss: 0.3694
  Train Acc: 89.43% | Val Acc: 85.93% | Avg Total Nodes/Example: 8.84
  (Sparsity: 42.12% of theoretical max 21 nodes)

[epoch 6/10] lr=0.000500
  Train Loss: -0.6134 (cls=0.2719, policy=-1.7705) | Val Loss: 0.3406
  Train Acc: 90.01% | Val Acc: 87.93% | Avg Total Nodes/Example: 8.87
  (Sparsity: 42.25% of theoretical max 21 nodes)

[epoch 7/10] lr=0.000345
  Train Loss: -0.6325 (cls=0.2540, policy=-1.7731) | Val Loss: 0.3357
  Train Acc: 90.65% | Val Acc: 88.32% | Avg Total Nodes/Example: 8.82
  (Sparsity: 42.01% of theoretical max 21 nodes)

[epoch 8/10] lr=0.000206
  Train Loss: -0.6506 (cls=0.2405, policy=-1.7822) | Val Loss: 0.3333
  Train Acc: 91.22% | Val Acc: 88.65% | Avg Total Nodes/Example: 8.89
  (Sparsity: 42.33% of theoretical max 21 nodes)

[epoch 9/10] lr=0.000095
  Train Loss: -0.6642 (cls=0.2305, policy=-1.7893) | Val Loss: 0.3264
  Train Acc: 91.56% | Val Acc: 88.57% | Avg Total Nodes/Example: 8.85
  (Sparsity: 42.14% of theoretical max 21 nodes)

[epoch 10/10] lr=0.000024
  Train Loss: -0.6618 (cls=0.2249, policy=-1.7733) | Val Loss: 0.3229
  Train Acc: 91.81% | Val Acc: 88.72% | Avg Total Nodes/Example: 8.82
  (Sparsity: 42.02% of theoretical max 21 nodes)

Saved checkpoint → runs/20251220_025958/k2_poolmean_hd64_lr0p001_bs64_wd0p0_d2_lam0p05_thr0p4_roll3_rep0/k2_poolmean_hd64_lr0p001_bs64_wd0p0_d2_lam0p05_thr0p4_roll3_rep0.pt
Best val loss: 0.3229 at epoch 10

===============================================================================
POST-TRAINING: Greedy Threshold Tuning Recommendations
===============================================================================

Your model was trained with:
  lambda_efficiency = 0.05
  greedy_threshold  = 0.4

NEXT STEPS:

1. Measure the learned grow_prob distribution:
   python3 infer_fmnist_bfs.py --ckpt runs/20251220_025958/k2_poolmean_hd64_lr0p001_bs64_wd0p0_d2_lam0p05_thr0p4_roll3_rep0/k2_poolmean_hd64_lr0p001_bs64_wd0p0_d2_lam0p05_thr0p4_roll3_rep0.pt \
       --debug_policy --node_samples 1000 --cpu

   This will show you:
   - Mean grow_prob (typically 0.40-0.50)
   - % of decisions above threshold 0.5
   - Distribution histogram

2. Based on the measured mean_grow_prob, choose optimal threshold:

   If mean_grow_prob ≈ 0.445, recommended settings:
     • threshold = 0.50 → Root-only (1 node, max efficiency)
     • threshold = 0.42 → Balanced (~6-8 nodes, good accuracy)
     • threshold = 0.35 → Dense (~10-12 nodes, max accuracy)

   General rule: optimal_threshold ≈ mean_grow_prob - 0.03

3. Retrain with optimal threshold (if needed):
   python3 train_fmnist_bfs.py \
       --lambda_efficiency 0.05 \
       --greedy_threshold 0.42 \
       --epochs 10

4. OR run full (λ, threshold) sweep to find optimal pair:
   python3 bfs_training_matrix.py \
       --config configs/threshold_sweep.yaml

EMPIRICAL FINDINGS:
  • Higher λ (0.05) often gives BETTER accuracy than lower λ (0.01)
  • Policy learns grow_prob ≈ 0.44-0.45 regardless of λ value
  • Default threshold=0.5 typically results in root-only inference
  • Root-only achieves ~86-87% accuracy on FashionMNIST

See docs/architecture.md for complete analysis and recommendations.
===============================================================================

__SUMMARY__ {"run": {"seed": 42, "epochs": 10, "batch_size": 64}, "optimizer": {"name": "adamw", "lr": 0.001, "weight_decay": 0.0}, "model": {"hidden_dim": 64, "max_depth": 2, "max_children": 2, "pooling_mode": "mean", "greedy_threshold": 0.4}, "policy": {"num_rollouts": 3, "lambda_efficiency": 0.05, "beta_entropy": 0.01, "beta_policy": 0.5}, "results": {"best_val_loss": 0.3229463694095612, "best_epoch": 10, "final_val_acc": 88.71666666666667}, "time": {"total_s": 135.87831445998745, "epoch_avg_s": 13.587830282200594, "last_epoch_s": 13.621327000000747}, "artifacts": {"checkpoint": "runs/20251220_025958/k2_poolmean_hd64_lr0p001_bs64_wd0p0_d2_lam0p05_thr0p4_roll3_rep0/k2_poolmean_hd64_lr0p001_bs64_wd0p0_d2_lam0p05_thr0p4_roll3_rep0.pt"}}
