[sanity:fashionmnist] batch=64x784 dtype=float32 xmin=-0.424 xmax=2.821 y[min,max]=[0,9] label_counts_head=(0:11, 1:5, 2:4, 3:3, 4:3), assert_flatten=OK
BFSNet v2.0.0 (
  input_dim=784, hidden_dim=64, output_dim=10,
  max_depth=2, max_children=3,
  greedy_threshold=0.4200,
  sibling_embed=True, sibling_scale=0.1250,
  use_pruning=False, pruning_mode='learned',
  pooling_mode='mean'
)
[dims] FashionMNIST: input_dim=784, num_classes=10
[run] epochs=10 | batch_size=64 | lr=0.001 | wd=0.0 | grad_clip=1.0
      policy: num_rollouts=3, λ_eff=0.1, β_ent=0.01, β_policy=0.5
      greedy_threshold=0.42 (inference)
      pooling_mode=mean
      pruning losses: L1*=0.0, KL*=0.0 (keep_rate=0.5)
[node metrics] Theoretical max nodes per example per rollout: 13
               With 3 rollouts: 39 total
               Batch-level max (B=64): 832 per rollout
[opt] adamw | lr=0.001 | wd=0.0
[lr] schedule=cosine

[epoch 1/10] lr=0.001000
[probe e=1 b=0] loss=0.816301
  logits: mean=0.0625 std=0.1683 min=-0.7453 max=0.6447
  root_fc.weight: grad_norm=1.006973e+00
  output_fc.weight: grad_norm=2.599985e-01
  ||root_fc||_2=7.311425e-01
  ||output_fc||_2=7.463145e-01
[probe e=1 b=1] loss=0.879393
  logits: mean=0.0502 std=0.2323 min=-0.8409 max=1.7611
  root_fc.weight: grad_norm=6.702117e-01
  output_fc.weight: grad_norm=2.589881e-01
  ||root_fc||_2=7.321091e-01
  ||output_fc||_2=7.448362e-01
  Train Loss: -1.1119 (cls=0.5463, policy=-3.3164) | Val Loss: 0.4381
  Train Acc: 80.73% | Val Acc: 83.73% | Avg Total Nodes/Example: 13.85
  (Sparsity: 35.51% of theoretical max 39 nodes)

[epoch 2/10] lr=0.000976
[probe e=2 b=0] loss=-0.994825
  logits: mean=-1.5368 std=4.1691 min=-11.3843 max=11.8220
  root_fc.weight: grad_norm=6.547930e-01
  output_fc.weight: grad_norm=1.071611e+00
  ||root_fc||_2=3.125472e+00
  ||output_fc||_2=1.318040e+00
[probe e=2 b=1] loss=-0.934664
  logits: mean=-1.4711 std=4.0086 min=-11.1519 max=13.3705
  root_fc.weight: grad_norm=6.031177e-01
  output_fc.weight: grad_norm=8.524098e-01
  ||root_fc||_2=3.127268e+00
  ||output_fc||_2=1.318595e+00
  Train Loss: -1.2872 (cls=0.3791, policy=-3.3326) | Val Loss: 0.3776
  Train Acc: 86.05% | Val Acc: 85.77% | Avg Total Nodes/Example: 13.94
  (Sparsity: 35.74% of theoretical max 39 nodes)

[epoch 3/10] lr=0.000905
  Train Loss: -1.3247 (cls=0.3384, policy=-3.3261) | Val Loss: 0.3588
  Train Acc: 87.52% | Val Acc: 86.82% | Avg Total Nodes/Example: 13.82
  (Sparsity: 35.43% of theoretical max 39 nodes)

[epoch 4/10] lr=0.000794
  Train Loss: -1.3621 (cls=0.3091, policy=-3.3423) | Val Loss: 0.3657
  Train Acc: 88.49% | Val Acc: 86.83% | Avg Total Nodes/Example: 13.87
  (Sparsity: 35.56% of theoretical max 39 nodes)

[epoch 5/10] lr=0.000655
  Train Loss: -1.3849 (cls=0.2851, policy=-3.3400) | Val Loss: 0.3283
  Train Acc: 89.54% | Val Acc: 88.02% | Avg Total Nodes/Example: 13.92
  (Sparsity: 35.69% of theoretical max 39 nodes)

[epoch 6/10] lr=0.000500
  Train Loss: -1.4065 (cls=0.2658, policy=-3.3445) | Val Loss: 0.3264
  Train Acc: 90.21% | Val Acc: 88.62% | Avg Total Nodes/Example: 13.96
  (Sparsity: 35.81% of theoretical max 39 nodes)

[epoch 7/10] lr=0.000345
  Train Loss: -1.4235 (cls=0.2483, policy=-3.3437) | Val Loss: 0.3148
  Train Acc: 90.73% | Val Acc: 88.92% | Avg Total Nodes/Example: 13.94
  (Sparsity: 35.75% of theoretical max 39 nodes)

[epoch 8/10] lr=0.000206
  Train Loss: -1.4401 (cls=0.2334, policy=-3.3469) | Val Loss: 0.3178
  Train Acc: 91.32% | Val Acc: 88.58% | Avg Total Nodes/Example: 13.87
  (Sparsity: 35.57% of theoretical max 39 nodes)

[epoch 9/10] lr=0.000095
  Train Loss: -1.4389 (cls=0.2232, policy=-3.3241) | Val Loss: 0.3143
  Train Acc: 91.76% | Val Acc: 89.02% | Avg Total Nodes/Example: 13.88
  (Sparsity: 35.59% of theoretical max 39 nodes)

[epoch 10/10] lr=0.000024
  Train Loss: -1.4534 (cls=0.2166, policy=-3.3400) | Val Loss: 0.3114
  Train Acc: 92.05% | Val Acc: 89.13% | Avg Total Nodes/Example: 13.93
  (Sparsity: 35.72% of theoretical max 39 nodes)

Saved checkpoint → runs/20251220_025958/k3_poolmean_hd64_lr0p001_bs64_wd0p0_d2_lam0p1_thr0p42_roll3_rep0/k3_poolmean_hd64_lr0p001_bs64_wd0p0_d2_lam0p1_thr0p42_roll3_rep0.pt
Best val loss: 0.3114 at epoch 10

===============================================================================
POST-TRAINING: Greedy Threshold Tuning Recommendations
===============================================================================

Your model was trained with:
  lambda_efficiency = 0.1
  greedy_threshold  = 0.42

NEXT STEPS:

1. Measure the learned grow_prob distribution:
   python3 infer_fmnist_bfs.py --ckpt runs/20251220_025958/k3_poolmean_hd64_lr0p001_bs64_wd0p0_d2_lam0p1_thr0p42_roll3_rep0/k3_poolmean_hd64_lr0p001_bs64_wd0p0_d2_lam0p1_thr0p42_roll3_rep0.pt \
       --debug_policy --node_samples 1000 --cpu

   This will show you:
   - Mean grow_prob (typically 0.40-0.50)
   - % of decisions above threshold 0.5
   - Distribution histogram

2. Based on the measured mean_grow_prob, choose optimal threshold:

   If mean_grow_prob ≈ 0.445, recommended settings:
     • threshold = 0.50 → Root-only (1 node, max efficiency)
     • threshold = 0.42 → Balanced (~6-8 nodes, good accuracy)
     • threshold = 0.35 → Dense (~10-12 nodes, max accuracy)

   General rule: optimal_threshold ≈ mean_grow_prob - 0.03

3. Retrain with optimal threshold (if needed):
   python3 train_fmnist_bfs.py \
       --lambda_efficiency 0.1 \
       --greedy_threshold 0.42 \
       --epochs 10

4. OR run full (λ, threshold) sweep to find optimal pair:
   python3 bfs_training_matrix.py \
       --config configs/threshold_sweep.yaml

EMPIRICAL FINDINGS:
  • Higher λ (0.05) often gives BETTER accuracy than lower λ (0.01)
  • Policy learns grow_prob ≈ 0.44-0.45 regardless of λ value
  • Default threshold=0.5 typically results in root-only inference
  • Root-only achieves ~86-87% accuracy on FashionMNIST

See docs/architecture.md for complete analysis and recommendations.
===============================================================================

__SUMMARY__ {"run": {"seed": 42, "epochs": 10, "batch_size": 64}, "optimizer": {"name": "adamw", "lr": 0.001, "weight_decay": 0.0}, "model": {"hidden_dim": 64, "max_depth": 2, "max_children": 3, "pooling_mode": "mean", "greedy_threshold": 0.42}, "policy": {"num_rollouts": 3, "lambda_efficiency": 0.1, "beta_entropy": 0.01, "beta_policy": 0.5}, "results": {"best_val_loss": 0.31135658399264016, "best_epoch": 10, "final_val_acc": 89.13333333333334}, "time": {"total_s": 218.54203529900406, "epoch_avg_s": 21.854202370197164, "last_epoch_s": 21.645001297001727}, "artifacts": {"checkpoint": "runs/20251220_025958/k3_poolmean_hd64_lr0p001_bs64_wd0p0_d2_lam0p1_thr0p42_roll3_rep0/k3_poolmean_hd64_lr0p001_bs64_wd0p0_d2_lam0p1_thr0p42_roll3_rep0.pt"}}
