[sanity:fashionmnist] batch=64x784 dtype=float32 xmin=-0.424 xmax=2.821 y[min,max]=[0,9] label_counts_head=(0:11, 1:5, 2:4, 3:3, 4:3), assert_flatten=OK
BFSNet v2.0.0 (
  input_dim=784, hidden_dim=64, output_dim=10,
  max_depth=2, max_children=2,
  greedy_threshold=0.4500,
  sibling_embed=True, sibling_scale=0.1250,
  use_pruning=False, pruning_mode='learned',
  pooling_mode='mean'
)
[dims] FashionMNIST: input_dim=784, num_classes=10
[run] epochs=10 | batch_size=64 | lr=0.001 | wd=0.0 | grad_clip=1.0
      policy: num_rollouts=3, λ_eff=0.0, β_ent=0.01, β_policy=0.5
      greedy_threshold=0.45 (inference)
      pooling_mode=mean
      pruning losses: L1*=0.0, KL*=0.0 (keep_rate=0.5)
[node metrics] Theoretical max nodes per example per rollout: 7
               With 3 rollouts: 21 total
               Batch-level max (B=64): 448 per rollout
[opt] adamw | lr=0.001 | wd=0.0
[lr] schedule=cosine

[epoch 1/10] lr=0.001000
[probe e=1 b=0] loss=1.530024
  logits: mean=0.0320 std=0.1694 min=-0.6405 max=0.6350
  root_fc.weight: grad_norm=1.345961e+00
  output_fc.weight: grad_norm=3.191020e-01
  ||root_fc||_2=7.311425e-01
  ||output_fc||_2=7.449568e-01
[probe e=1 b=1] loss=1.375447
  logits: mean=0.0322 std=0.1434 min=-0.6457 max=0.7067
  root_fc.weight: grad_norm=7.668262e-01
  output_fc.weight: grad_norm=2.918185e-01
  ||root_fc||_2=7.311956e-01
  ||output_fc||_2=7.463518e-01
  Train Loss: -0.3517 (cls=0.5312, policy=-1.7659) | Val Loss: 0.4313
  Train Acc: 81.38% | Val Acc: 84.57% | Avg Total Nodes/Example: 8.89
  (Sparsity: 42.33% of theoretical max 21 nodes)

[epoch 2/10] lr=0.000976
[probe e=2 b=0] loss=-0.425483
  logits: mean=-1.6897 std=4.1203 min=-12.8172 max=13.5615
  root_fc.weight: grad_norm=5.468225e-01
  output_fc.weight: grad_norm=9.037771e-01
  ||root_fc||_2=3.008414e+00
  ||output_fc||_2=1.323305e+00
[probe e=2 b=1] loss=-0.314169
  logits: mean=-1.7739 std=4.0163 min=-10.8492 max=11.0215
  root_fc.weight: grad_norm=7.202594e-01
  output_fc.weight: grad_norm=9.085110e-01
  ||root_fc||_2=3.015807e+00
  ||output_fc||_2=1.324280e+00
  Train Loss: -0.5033 (cls=0.3808, policy=-1.7680) | Val Loss: 0.3714
  Train Acc: 86.13% | Val Acc: 86.43% | Avg Total Nodes/Example: 9.01
  (Sparsity: 42.92% of theoretical max 21 nodes)

[epoch 3/10] lr=0.000905
  Train Loss: -0.5511 (cls=0.3366, policy=-1.7753) | Val Loss: 0.3790
  Train Acc: 87.72% | Val Acc: 86.15% | Avg Total Nodes/Example: 8.95
  (Sparsity: 42.62% of theoretical max 21 nodes)

[epoch 4/10] lr=0.000794
  Train Loss: -0.5770 (cls=0.3104, policy=-1.7747) | Val Loss: 0.3640
  Train Acc: 88.58% | Val Acc: 86.98% | Avg Total Nodes/Example: 9.00
  (Sparsity: 42.86% of theoretical max 21 nodes)

[epoch 5/10] lr=0.000655
  Train Loss: -0.5967 (cls=0.2880, policy=-1.7695) | Val Loss: 0.3846
  Train Acc: 89.51% | Val Acc: 85.30% | Avg Total Nodes/Example: 8.98
  (Sparsity: 42.75% of theoretical max 21 nodes)

[epoch 6/10] lr=0.000500
  Train Loss: -0.6150 (cls=0.2711, policy=-1.7723) | Val Loss: 0.3431
  Train Acc: 89.97% | Val Acc: 87.97% | Avg Total Nodes/Example: 8.99
  (Sparsity: 42.80% of theoretical max 21 nodes)

[epoch 7/10] lr=0.000345
  Train Loss: -0.6303 (cls=0.2534, policy=-1.7673) | Val Loss: 0.3360
  Train Acc: 90.54% | Val Acc: 88.17% | Avg Total Nodes/Example: 8.99
  (Sparsity: 42.79% of theoretical max 21 nodes)

[epoch 8/10] lr=0.000206
  Train Loss: -0.6468 (cls=0.2406, policy=-1.7749) | Val Loss: 0.3281
  Train Acc: 91.11% | Val Acc: 88.80% | Avg Total Nodes/Example: 9.03
  (Sparsity: 42.99% of theoretical max 21 nodes)

[epoch 9/10] lr=0.000095
  Train Loss: -0.6563 (cls=0.2301, policy=-1.7728) | Val Loss: 0.3257
  Train Acc: 91.55% | Val Acc: 88.78% | Avg Total Nodes/Example: 9.01
  (Sparsity: 42.91% of theoretical max 21 nodes)

[epoch 10/10] lr=0.000024
  Train Loss: -0.6612 (cls=0.2248, policy=-1.7720) | Val Loss: 0.3206
  Train Acc: 91.77% | Val Acc: 89.05% | Avg Total Nodes/Example: 8.99
  (Sparsity: 42.82% of theoretical max 21 nodes)

Saved checkpoint → runs/20251220_025958/k2_poolmean_hd64_lr0p001_bs64_wd0p0_d2_lam0p0_thr0p45_roll3_rep0/k2_poolmean_hd64_lr0p001_bs64_wd0p0_d2_lam0p0_thr0p45_roll3_rep0.pt
Best val loss: 0.3206 at epoch 10

===============================================================================
POST-TRAINING: Greedy Threshold Tuning Recommendations
===============================================================================

Your model was trained with:
  lambda_efficiency = 0.0
  greedy_threshold  = 0.45

NEXT STEPS:

1. Measure the learned grow_prob distribution:
   python3 infer_fmnist_bfs.py --ckpt runs/20251220_025958/k2_poolmean_hd64_lr0p001_bs64_wd0p0_d2_lam0p0_thr0p45_roll3_rep0/k2_poolmean_hd64_lr0p001_bs64_wd0p0_d2_lam0p0_thr0p45_roll3_rep0.pt \
       --debug_policy --node_samples 1000 --cpu

   This will show you:
   - Mean grow_prob (typically 0.40-0.50)
   - % of decisions above threshold 0.5
   - Distribution histogram

2. Based on the measured mean_grow_prob, choose optimal threshold:

   If mean_grow_prob ≈ 0.445, recommended settings:
     • threshold = 0.50 → Root-only (1 node, max efficiency)
     • threshold = 0.42 → Balanced (~6-8 nodes, good accuracy)
     • threshold = 0.35 → Dense (~10-12 nodes, max accuracy)

   General rule: optimal_threshold ≈ mean_grow_prob - 0.03

3. Retrain with optimal threshold (if needed):
   python3 train_fmnist_bfs.py \
       --lambda_efficiency 0.0 \
       --greedy_threshold 0.42 \
       --epochs 10

4. OR run full (λ, threshold) sweep to find optimal pair:
   python3 bfs_training_matrix.py \
       --config configs/threshold_sweep.yaml

EMPIRICAL FINDINGS:
  • Higher λ (0.05) often gives BETTER accuracy than lower λ (0.01)
  • Policy learns grow_prob ≈ 0.44-0.45 regardless of λ value
  • Default threshold=0.5 typically results in root-only inference
  • Root-only achieves ~86-87% accuracy on FashionMNIST

See docs/architecture.md for complete analysis and recommendations.
===============================================================================

__SUMMARY__ {"run": {"seed": 42, "epochs": 10, "batch_size": 64}, "optimizer": {"name": "adamw", "lr": 0.001, "weight_decay": 0.0}, "model": {"hidden_dim": 64, "max_depth": 2, "max_children": 2, "pooling_mode": "mean", "greedy_threshold": 0.45}, "policy": {"num_rollouts": 3, "lambda_efficiency": 0.0, "beta_entropy": 0.01, "beta_policy": 0.5}, "results": {"best_val_loss": 0.32057858180999754, "best_epoch": 10, "final_val_acc": 89.05}, "time": {"total_s": 134.83337701801793, "epoch_avg_s": 13.483336746299756, "last_epoch_s": 13.429166248010006}, "artifacts": {"checkpoint": "runs/20251220_025958/k2_poolmean_hd64_lr0p001_bs64_wd0p0_d2_lam0p0_thr0p45_roll3_rep0/k2_poolmean_hd64_lr0p001_bs64_wd0p0_d2_lam0p0_thr0p45_roll3_rep0.pt"}}
