[sanity:fashionmnist] batch=64x784 dtype=float32 xmin=-0.424 xmax=2.821 y[min,max]=[0,9] label_counts_head=(0:11, 1:5, 2:4, 3:3, 4:3), assert_flatten=OK
BFSNet v2.0.0 (
  input_dim=784, hidden_dim=64, output_dim=10,
  max_depth=2, max_children=2,
  greedy_threshold=0.4200,
  sibling_embed=True, sibling_scale=0.1250,
  use_pruning=False, pruning_mode='learned',
  pooling_mode='mean'
)
[dims] FashionMNIST: input_dim=784, num_classes=10
[run] epochs=10 | batch_size=64 | lr=0.001 | wd=0.0 | grad_clip=1.0
      policy: num_rollouts=3, λ_eff=0.01, β_ent=0.01, β_policy=0.5
      greedy_threshold=0.42 (inference)
      pooling_mode=mean
      pruning losses: L1*=0.0, KL*=0.0 (keep_rate=0.5)
[node metrics] Theoretical max nodes per example per rollout: 7
               With 3 rollouts: 21 total
               Batch-level max (B=64): 448 per rollout
[opt] adamw | lr=0.001 | wd=0.0
[lr] schedule=cosine

[epoch 1/10] lr=0.001000
[probe e=1 b=0] loss=1.525993
  logits: mean=0.0320 std=0.1694 min=-0.6405 max=0.6350
  root_fc.weight: grad_norm=1.345952e+00
  output_fc.weight: grad_norm=3.191020e-01
  ||root_fc||_2=7.311425e-01
  ||output_fc||_2=7.449568e-01
[probe e=1 b=1] loss=1.372122
  logits: mean=0.0320 std=0.1434 min=-0.6467 max=0.7058
  root_fc.weight: grad_norm=7.637559e-01
  output_fc.weight: grad_norm=2.919023e-01
  ||root_fc||_2=7.311236e-01
  ||output_fc||_2=7.463518e-01
  Train Loss: -0.3514 (cls=0.5327, policy=-1.7682) | Val Loss: 0.4249
  Train Acc: 81.36% | Val Acc: 85.25% | Avg Total Nodes/Example: 8.92
  (Sparsity: 42.46% of theoretical max 21 nodes)

[epoch 2/10] lr=0.000976
[probe e=2 b=0] loss=-0.582577
  logits: mean=-1.6854 std=4.2191 min=-12.4295 max=13.7422
  root_fc.weight: grad_norm=5.334944e-01
  output_fc.weight: grad_norm=8.904437e-01
  ||root_fc||_2=3.057571e+00
  ||output_fc||_2=1.338336e+00
[probe e=2 b=1] loss=-0.278119
  logits: mean=-1.8075 std=4.1095 min=-11.3559 max=11.3706
  root_fc.weight: grad_norm=8.342696e-01
  output_fc.weight: grad_norm=9.622638e-01
  ||root_fc||_2=3.056611e+00
  ||output_fc||_2=1.339135e+00
  Train Loss: -0.5011 (cls=0.3826, policy=-1.7674) | Val Loss: 0.3713
  Train Acc: 86.09% | Val Acc: 86.65% | Avg Total Nodes/Example: 8.93
  (Sparsity: 42.50% of theoretical max 21 nodes)

[epoch 3/10] lr=0.000905
  Train Loss: -0.5460 (cls=0.3397, policy=-1.7714) | Val Loss: 0.3868
  Train Acc: 87.69% | Val Acc: 86.12% | Avg Total Nodes/Example: 8.94
  (Sparsity: 42.55% of theoretical max 21 nodes)

[epoch 4/10] lr=0.000794
  Train Loss: -0.5753 (cls=0.3137, policy=-1.7780) | Val Loss: 0.3662
  Train Acc: 88.46% | Val Acc: 86.63% | Avg Total Nodes/Example: 8.96
  (Sparsity: 42.69% of theoretical max 21 nodes)

[epoch 5/10] lr=0.000655
  Train Loss: -0.5978 (cls=0.2889, policy=-1.7735) | Val Loss: 0.3607
  Train Acc: 89.41% | Val Acc: 86.32% | Avg Total Nodes/Example: 8.93
  (Sparsity: 42.53% of theoretical max 21 nodes)

[epoch 6/10] lr=0.000500
  Train Loss: -0.6108 (cls=0.2727, policy=-1.7670) | Val Loss: 0.3391
  Train Acc: 89.89% | Val Acc: 88.13% | Avg Total Nodes/Example: 8.96
  (Sparsity: 42.65% of theoretical max 21 nodes)

[epoch 7/10] lr=0.000345
  Train Loss: -0.6268 (cls=0.2538, policy=-1.7612) | Val Loss: 0.3453
  Train Acc: 90.60% | Val Acc: 88.02% | Avg Total Nodes/Example: 8.92
  (Sparsity: 42.48% of theoretical max 21 nodes)

[epoch 8/10] lr=0.000206
  Train Loss: -0.6458 (cls=0.2412, policy=-1.7739) | Val Loss: 0.3298
  Train Acc: 91.18% | Val Acc: 88.98% | Avg Total Nodes/Example: 9.01
  (Sparsity: 42.89% of theoretical max 21 nodes)

[epoch 9/10] lr=0.000095
  Train Loss: -0.6564 (cls=0.2304, policy=-1.7734) | Val Loss: 0.3253
  Train Acc: 91.52% | Val Acc: 88.78% | Avg Total Nodes/Example: 8.99
  (Sparsity: 42.79% of theoretical max 21 nodes)

[epoch 10/10] lr=0.000024
  Train Loss: -0.6604 (cls=0.2249, policy=-1.7706) | Val Loss: 0.3239
  Train Acc: 91.83% | Val Acc: 88.88% | Avg Total Nodes/Example: 8.96
  (Sparsity: 42.69% of theoretical max 21 nodes)

Saved checkpoint → runs/20251220_025958/k2_poolmean_hd64_lr0p001_bs64_wd0p0_d2_lam0p01_thr0p42_roll3_rep0/k2_poolmean_hd64_lr0p001_bs64_wd0p0_d2_lam0p01_thr0p42_roll3_rep0.pt
Best val loss: 0.3239 at epoch 10

===============================================================================
POST-TRAINING: Greedy Threshold Tuning Recommendations
===============================================================================

Your model was trained with:
  lambda_efficiency = 0.01
  greedy_threshold  = 0.42

NEXT STEPS:

1. Measure the learned grow_prob distribution:
   python3 infer_fmnist_bfs.py --ckpt runs/20251220_025958/k2_poolmean_hd64_lr0p001_bs64_wd0p0_d2_lam0p01_thr0p42_roll3_rep0/k2_poolmean_hd64_lr0p001_bs64_wd0p0_d2_lam0p01_thr0p42_roll3_rep0.pt \
       --debug_policy --node_samples 1000 --cpu

   This will show you:
   - Mean grow_prob (typically 0.40-0.50)
   - % of decisions above threshold 0.5
   - Distribution histogram

2. Based on the measured mean_grow_prob, choose optimal threshold:

   If mean_grow_prob ≈ 0.445, recommended settings:
     • threshold = 0.50 → Root-only (1 node, max efficiency)
     • threshold = 0.42 → Balanced (~6-8 nodes, good accuracy)
     • threshold = 0.35 → Dense (~10-12 nodes, max accuracy)

   General rule: optimal_threshold ≈ mean_grow_prob - 0.03

3. Retrain with optimal threshold (if needed):
   python3 train_fmnist_bfs.py \
       --lambda_efficiency 0.01 \
       --greedy_threshold 0.42 \
       --epochs 10

4. OR run full (λ, threshold) sweep to find optimal pair:
   python3 bfs_training_matrix.py \
       --config configs/threshold_sweep.yaml

EMPIRICAL FINDINGS:
  • Higher λ (0.05) often gives BETTER accuracy than lower λ (0.01)
  • Policy learns grow_prob ≈ 0.44-0.45 regardless of λ value
  • Default threshold=0.5 typically results in root-only inference
  • Root-only achieves ~86-87% accuracy on FashionMNIST

See docs/architecture.md for complete analysis and recommendations.
===============================================================================

__SUMMARY__ {"run": {"seed": 42, "epochs": 10, "batch_size": 64}, "optimizer": {"name": "adamw", "lr": 0.001, "weight_decay": 0.0}, "model": {"hidden_dim": 64, "max_depth": 2, "max_children": 2, "pooling_mode": "mean", "greedy_threshold": 0.42}, "policy": {"num_rollouts": 3, "lambda_efficiency": 0.01, "beta_entropy": 0.01, "beta_policy": 0.5}, "results": {"best_val_loss": 0.3239435771306356, "best_epoch": 10, "final_val_acc": 88.88333333333334}, "time": {"total_s": 135.7550858350005, "epoch_avg_s": 13.57550744319742, "last_epoch_s": 13.512314419989707}, "artifacts": {"checkpoint": "runs/20251220_025958/k2_poolmean_hd64_lr0p001_bs64_wd0p0_d2_lam0p01_thr0p42_roll3_rep0/k2_poolmean_hd64_lr0p001_bs64_wd0p0_d2_lam0p01_thr0p42_roll3_rep0.pt"}}
