[sanity:fashionmnist] batch=64x784 dtype=float32 xmin=-0.424 xmax=2.821 y[min,max]=[0,9] label_counts_head=(0:11, 1:5, 2:4, 3:3, 4:3), assert_flatten=OK
BFSNet v2.0.0 (
  input_dim=784, hidden_dim=64, output_dim=10,
  max_depth=2, max_children=2,
  greedy_threshold=0.4500,
  sibling_embed=True, sibling_scale=0.1250,
  use_pruning=False, pruning_mode='learned',
  pooling_mode='mean'
)
[dims] FashionMNIST: input_dim=784, num_classes=10
[run] epochs=10 | batch_size=64 | lr=0.001 | wd=0.0 | grad_clip=1.0
      policy: num_rollouts=3, λ_eff=0.1, β_ent=0.01, β_policy=0.5
      greedy_threshold=0.45 (inference)
      pooling_mode=mean
      pruning losses: L1*=0.0, KL*=0.0 (keep_rate=0.5)
[node metrics] Theoretical max nodes per example per rollout: 7
               With 3 rollouts: 21 total
               Batch-level max (B=64): 448 per rollout
[opt] adamw | lr=0.001 | wd=0.0
[lr] schedule=cosine

[epoch 1/10] lr=0.001000
[probe e=1 b=0] loss=1.489720
  logits: mean=0.0320 std=0.1694 min=-0.6405 max=0.6350
  root_fc.weight: grad_norm=1.346484e+00
  output_fc.weight: grad_norm=3.191020e-01
  ||root_fc||_2=7.311425e-01
  ||output_fc||_2=7.449568e-01
[probe e=1 b=1] loss=1.342260
  logits: mean=0.0317 std=0.1433 min=-0.6414 max=0.7055
  root_fc.weight: grad_norm=7.510602e-01
  output_fc.weight: grad_norm=2.936305e-01
  ||root_fc||_2=7.310889e-01
  ||output_fc||_2=7.463518e-01
  Train Loss: -0.3542 (cls=0.5344, policy=-1.7772) | Val Loss: 0.4250
  Train Acc: 81.32% | Val Acc: 85.22% | Avg Total Nodes/Example: 8.64
  (Sparsity: 41.17% of theoretical max 21 nodes)

[epoch 2/10] lr=0.000976
[probe e=2 b=0] loss=-0.562688
  logits: mean=-1.6823 std=4.0067 min=-11.0827 max=12.4033
  root_fc.weight: grad_norm=5.838615e-01
  output_fc.weight: grad_norm=9.343701e-01
  ||root_fc||_2=3.069531e+00
  ||output_fc||_2=1.336920e+00
[probe e=2 b=1] loss=-0.481018
  logits: mean=-1.7449 std=3.9575 min=-11.9265 max=11.9028
  root_fc.weight: grad_norm=8.027374e-01
  output_fc.weight: grad_norm=9.295998e-01
  ||root_fc||_2=3.071301e+00
  ||output_fc||_2=1.338055e+00
  Train Loss: -0.5060 (cls=0.3822, policy=-1.7765) | Val Loss: 0.3704
  Train Acc: 86.11% | Val Acc: 86.73% | Avg Total Nodes/Example: 8.66
  (Sparsity: 41.25% of theoretical max 21 nodes)

[epoch 3/10] lr=0.000905
  Train Loss: -0.5490 (cls=0.3387, policy=-1.7755) | Val Loss: 0.3791
  Train Acc: 87.76% | Val Acc: 85.97% | Avg Total Nodes/Example: 8.66
  (Sparsity: 41.23% of theoretical max 21 nodes)

[epoch 4/10] lr=0.000794
  Train Loss: -0.5801 (cls=0.3118, policy=-1.7838) | Val Loss: 0.3555
  Train Acc: 88.58% | Val Acc: 87.42% | Avg Total Nodes/Example: 8.68
  (Sparsity: 41.34% of theoretical max 21 nodes)

[epoch 5/10] lr=0.000655
  Train Loss: -0.6026 (cls=0.2891, policy=-1.7835) | Val Loss: 0.3924
  Train Acc: 89.42% | Val Acc: 84.93% | Avg Total Nodes/Example: 8.74
  (Sparsity: 41.64% of theoretical max 21 nodes)

[epoch 6/10] lr=0.000500
  Train Loss: -0.6168 (cls=0.2724, policy=-1.7784) | Val Loss: 0.3372
  Train Acc: 89.94% | Val Acc: 87.78% | Avg Total Nodes/Example: 8.69
  (Sparsity: 41.40% of theoretical max 21 nodes)

[epoch 7/10] lr=0.000345
  Train Loss: -0.6351 (cls=0.2538, policy=-1.7778) | Val Loss: 0.3383
  Train Acc: 90.61% | Val Acc: 88.17% | Avg Total Nodes/Example: 8.70
  (Sparsity: 41.41% of theoretical max 21 nodes)

[epoch 8/10] lr=0.000206
  Train Loss: -0.6490 (cls=0.2417, policy=-1.7814) | Val Loss: 0.3210
  Train Acc: 91.07% | Val Acc: 88.48% | Avg Total Nodes/Example: 8.74
  (Sparsity: 41.61% of theoretical max 21 nodes)

[epoch 9/10] lr=0.000095
  Train Loss: -0.6600 (cls=0.2313, policy=-1.7827) | Val Loss: 0.3177
  Train Acc: 91.42% | Val Acc: 88.92% | Avg Total Nodes/Example: 8.73
  (Sparsity: 41.55% of theoretical max 21 nodes)

[epoch 10/10] lr=0.000024
  Train Loss: -0.6622 (cls=0.2258, policy=-1.7760) | Val Loss: 0.3159
  Train Acc: 91.71% | Val Acc: 88.92% | Avg Total Nodes/Example: 8.70
  (Sparsity: 41.45% of theoretical max 21 nodes)

Saved checkpoint → runs/20251220_025958/k2_poolmean_hd64_lr0p001_bs64_wd0p0_d2_lam0p1_thr0p45_roll3_rep0/k2_poolmean_hd64_lr0p001_bs64_wd0p0_d2_lam0p1_thr0p45_roll3_rep0.pt
Best val loss: 0.3159 at epoch 10

===============================================================================
POST-TRAINING: Greedy Threshold Tuning Recommendations
===============================================================================

Your model was trained with:
  lambda_efficiency = 0.1
  greedy_threshold  = 0.45

NEXT STEPS:

1. Measure the learned grow_prob distribution:
   python3 infer_fmnist_bfs.py --ckpt runs/20251220_025958/k2_poolmean_hd64_lr0p001_bs64_wd0p0_d2_lam0p1_thr0p45_roll3_rep0/k2_poolmean_hd64_lr0p001_bs64_wd0p0_d2_lam0p1_thr0p45_roll3_rep0.pt \
       --debug_policy --node_samples 1000 --cpu

   This will show you:
   - Mean grow_prob (typically 0.40-0.50)
   - % of decisions above threshold 0.5
   - Distribution histogram

2. Based on the measured mean_grow_prob, choose optimal threshold:

   If mean_grow_prob ≈ 0.445, recommended settings:
     • threshold = 0.50 → Root-only (1 node, max efficiency)
     • threshold = 0.42 → Balanced (~6-8 nodes, good accuracy)
     • threshold = 0.35 → Dense (~10-12 nodes, max accuracy)

   General rule: optimal_threshold ≈ mean_grow_prob - 0.03

3. Retrain with optimal threshold (if needed):
   python3 train_fmnist_bfs.py \
       --lambda_efficiency 0.1 \
       --greedy_threshold 0.42 \
       --epochs 10

4. OR run full (λ, threshold) sweep to find optimal pair:
   python3 bfs_training_matrix.py \
       --config configs/threshold_sweep.yaml

EMPIRICAL FINDINGS:
  • Higher λ (0.05) often gives BETTER accuracy than lower λ (0.01)
  • Policy learns grow_prob ≈ 0.44-0.45 regardless of λ value
  • Default threshold=0.5 typically results in root-only inference
  • Root-only achieves ~86-87% accuracy on FashionMNIST

See docs/architecture.md for complete analysis and recommendations.
===============================================================================

__SUMMARY__ {"run": {"seed": 42, "epochs": 10, "batch_size": 64}, "optimizer": {"name": "adamw", "lr": 0.001, "weight_decay": 0.0}, "model": {"hidden_dim": 64, "max_depth": 2, "max_children": 2, "pooling_mode": "mean", "greedy_threshold": 0.45}, "policy": {"num_rollouts": 3, "lambda_efficiency": 0.1, "beta_entropy": 0.01, "beta_policy": 0.5}, "results": {"best_val_loss": 0.3158611630598704, "best_epoch": 10, "final_val_acc": 88.91666666666667}, "time": {"total_s": 135.21235861702007, "epoch_avg_s": 13.521234734900645, "last_epoch_s": 13.489673979987856}, "artifacts": {"checkpoint": "runs/20251220_025958/k2_poolmean_hd64_lr0p001_bs64_wd0p0_d2_lam0p1_thr0p45_roll3_rep0/k2_poolmean_hd64_lr0p001_bs64_wd0p0_d2_lam0p1_thr0p45_roll3_rep0.pt"}}
