[infer] Loading v2.0.0 checkpoint: runs/20251220_025958/k2_poolmean_hd64_lr0p001_bs64_wd0p0_d2_lam0p1_thr0p3_roll3_rep0/k2_poolmean_hd64_lr0p001_bs64_wd0p0_d2_lam0p1_thr0p3_roll3_rep0.pt
[infer] Model config: hidden_dim=64, max_depth=2, max_children=2, pooling=mean
[infer] Greedy threshold: 0.3

[config] Key fields:
  hidden_dim: 64
  max_depth: 2
  max_children: 2
  pooling_mode: mean
  greedy_threshold: 0.3
  num_rollouts: 3
  lambda_efficiency: 0.1
  beta_policy: 0.5

[accuracy] Evaluating on 10000 test samples...
[accuracy] Test accuracy: 88.33%

[latency] Measuring inference latency (1000 samples)...
[latency] mean=0.3899ms | p50=0.3794ms | p90=0.4299ms | p99=0.4603ms

[nodes] Measuring node usage WITH DEBUG (may be slow)...

===============================================================================
GROWTH POLICY ANALYSIS (Greedy Inference)
===============================================================================

Total grow decisions evaluated: 600
  Mean grow_prob: 0.4846
  Std dev:        0.0024
  Min:            0.4749
  Max:            0.4944
  % ≥ 0.30:      100.00%

Distribution:
  [0.0-0.1):      0 (  0.0%) 
  [0.1-0.2):      0 (  0.0%) 
  [0.2-0.3):      0 (  0.0%) 
  [0.3-0.4):      0 (  0.0%) 
  [0.4-0.5):    600 (100.0%) ██████████████████████████████████████████████████
  [0.5-0.6):      0 (  0.0%) 
  [0.6-0.7):      0 (  0.0%) 
  [0.7-0.8):      0 (  0.0%) 
  [0.8-0.9):      0 (  0.0%) 
  [0.9-1.0):      0 (  0.0%) 
===============================================================================

✓ Policy learned to grow:
  → 100.00% of decisions above threshold (0.30)
  → Greedy mode should create children
  → Current avg_nodes = 7.0

[nodes] avg_nodes=7.00 | theoretical_max=7 | sparsity=0.00%

Sample predictions (first 1000 images):
 idx=  0 ✓ | true=9 (  Ankle boot) → pred=9 (  Ankle boot)
 idx=  1 ✓ | true=2 (    Pullover) → pred=2 (    Pullover)
 idx=  2 ✓ | true=1 (     Trouser) → pred=1 (     Trouser)
 idx=  3 ✓ | true=1 (     Trouser) → pred=1 (     Trouser)
 idx=  4 ✓ | true=6 (       Shirt) → pred=6 (       Shirt)
 idx=  5 ✓ | true=1 (     Trouser) → pred=1 (     Trouser)
 idx=  6 ✓ | true=4 (        Coat) → pred=4 (        Coat)
 idx=  7 ✓ | true=6 (       Shirt) → pred=6 (       Shirt)
 idx=  8 ✓ | true=5 (      Sandal) → pred=5 (      Sandal)
 idx=  9 ✓ | true=7 (     Sneaker) → pred=7 (     Sneaker)
 idx= 10 ✓ | true=4 (        Coat) → pred=4 (        Coat)
 idx= 11 ✓ | true=5 (      Sandal) → pred=5 (      Sandal)
 idx= 12 ✓ | true=7 (     Sneaker) → pred=7 (     Sneaker)
 idx= 13 ✓ | true=3 (       Dress) → pred=3 (       Dress)
 idx= 14 ✓ | true=4 (        Coat) → pred=4 (        Coat)
 idx= 15 ✓ | true=1 (     Trouser) → pred=1 (     Trouser)
 idx= 16 ✓ | true=2 (    Pullover) → pred=2 (    Pullover)
 idx= 17 ✗ | true=4 (        Coat) → pred=2 (    Pullover)
 idx= 18 ✓ | true=8 (         Bag) → pred=8 (         Bag)
 idx= 19 ✓ | true=0 ( T-shirt/top) → pred=0 ( T-shirt/top)
 idx= 20 ✓ | true=2 (    Pullover) → pred=2 (    Pullover)
 idx= 21 ✓ | true=5 (      Sandal) → pred=5 (      Sandal)
 idx= 22 ✓ | true=7 (     Sneaker) → pred=7 (     Sneaker)
 idx= 23 ✗ | true=9 (  Ankle boot) → pred=5 (      Sandal)
 idx= 24 ✓ | true=1 (     Trouser) → pred=1 (     Trouser)
 idx= 25 ✗ | true=4 (        Coat) → pred=2 (    Pullover)
 idx= 26 ✓ | true=6 (       Shirt) → pred=6 (       Shirt)
 idx= 27 ✓ | true=0 ( T-shirt/top) → pred=0 ( T-shirt/top)
 idx= 28 ✓ | true=9 (  Ankle boot) → pred=9 (  Ankle boot)
 idx= 29 ✓ | true=3 (       Dress) → pred=3 (       Dress)
 idx= 30 ✓ | true=8 (         Bag) → pred=8 (         Bag)
 idx= 31 ✓ | true=8 (         Bag) → pred=8 (         Bag)
 idx= 32 ✓ | true=3 (       Dress) → pred=3 (       Dress)
 idx= 33 ✓ | true=3 (       Dress) → pred=3 (       Dress)
 idx= 34 ✓ | true=8 (         Bag) → pred=8 (         Bag)
 idx= 35 ✓ | true=0 ( T-shirt/top) → pred=0 ( T-shirt/top)
 idx= 36 ✓ | true=7 (     Sneaker) → pred=7 (     Sneaker)
 idx= 37 ✓ | true=5 (      Sandal) → pred=5 (      Sandal)
 idx= 38 ✓ | true=7 (     Sneaker) → pred=7 (     Sneaker)
 idx= 39 ✓ | true=9 (  Ankle boot) → pred=9 (  Ankle boot)
 idx= 40 ✗ | true=6 (       Shirt) → pred=0 ( T-shirt/top)
 idx= 41 ✓ | true=1 (     Trouser) → pred=1 (     Trouser)
 idx= 42 ✗ | true=3 (       Dress) → pred=6 (       Shirt)
 idx= 43 ✓ | true=7 (     Sneaker) → pred=7 (     Sneaker)
 idx= 44 ✓ | true=6 (       Shirt) → pred=6 (       Shirt)
 idx= 45 ✓ | true=7 (     Sneaker) → pred=7 (     Sneaker)
 idx= 46 ✓ | true=2 (    Pullover) → pred=2 (    Pullover)
 idx= 47 ✓ | true=1 (     Trouser) → pred=1 (     Trouser)
 idx= 48 ✓ | true=2 (    Pullover) → pred=2 (    Pullover)
 idx= 49 ✗ | true=2 (    Pullover) → pred=6 (       Shirt)
 idx= 50 ✓ | true=4 (        Coat) → pred=4 (        Coat)
 idx= 51 ✓ | true=4 (        Coat) → pred=4 (        Coat)
 idx= 52 ✓ | true=5 (      Sandal) → pred=5 (      Sandal)
 idx= 53 ✓ | true=8 (         Bag) → pred=8 (         Bag)
 idx= 54 ✓ | true=2 (    Pullover) → pred=2 (    Pullover)
 idx= 55 ✓ | true=2 (    Pullover) → pred=2 (    Pullover)
 idx= 56 ✓ | true=8 (         Bag) → pred=8 (         Bag)
 idx= 57 ✗ | true=4 (        Coat) → pred=6 (       Shirt)
 idx= 58 ✓ | true=8 (         Bag) → pred=8 (         Bag)
 idx= 59 ✓ | true=0 ( T-shirt/top) → pred=0 ( T-shirt/top)
 idx= 60 ✓ | true=7 (     Sneaker) → pred=7 (     Sneaker)
 idx= 61 ✓ | true=7 (     Sneaker) → pred=7 (     Sneaker)
 idx= 62 ✓ | true=8 (         Bag) → pred=8 (         Bag)
 idx= 63 ✓ | true=5 (      Sandal) → pred=5 (      Sandal)
 idx= 64 ✓ | true=1 (     Trouser) → pred=1 (     Trouser)
 idx= 65 ✓ | true=1 (     Trouser) → pred=1 (     Trouser)
 idx= 66 ✗ | true=2 (    Pullover) → pred=3 (       Dress)
 idx= 67 ✗ | true=3 (       Dress) → pred=4 (        Coat)
 idx= 68 ✗ | true=9 (  Ankle boot) → pred=7 (     Sneaker)
 idx= 69 ✓ | true=8 (         Bag) → pred=8 (         Bag)
 idx= 70 ✓ | true=7 (     Sneaker) → pred=7 (     Sneaker)
 idx= 71 ✓ | true=0 ( T-shirt/top) → pred=0 ( T-shirt/top)
 idx= 72 ✓ | true=2 (    Pullover) → pred=2 (    Pullover)
 idx= 73 ✓ | true=6 (       Shirt) → pred=6 (       Shirt)
 idx= 74 ✓ | true=2 (    Pullover) → pred=2 (    Pullover)
 idx= 75 ✓ | true=3 (       Dress) → pred=3 (       Dress)
 idx= 76 ✓ | true=1 (     Trouser) → pred=1 (     Trouser)
 idx= 77 ✓ | true=2 (    Pullover) → pred=2 (    Pullover)
 idx= 78 ✓ | true=8 (         Bag) → pred=8 (         Bag)
 idx= 79 ✓ | true=4 (        Coat) → pred=4 (        Coat)
 idx= 80 ✓ | true=1 (     Trouser) → pred=1 (     Trouser)
 idx= 81 ✓ | true=8 (         Bag) → pred=8 (         Bag)
 idx= 82 ✓ | true=5 (      Sandal) → pred=5 (      Sandal)
 idx= 83 ✓ | true=9 (  Ankle boot) → pred=9 (  Ankle boot)
 idx= 84 ✓ | true=5 (      Sandal) → pred=5 (      Sandal)
 idx= 85 ✓ | true=0 ( T-shirt/top) → pred=0 ( T-shirt/top)
 idx= 86 ✓ | true=3 (       Dress) → pred=3 (       Dress)
 idx= 87 ✓ | true=2 (    Pullover) → pred=2 (    Pullover)
 idx= 88 ✓ | true=0 ( T-shirt/top) → pred=0 ( T-shirt/top)
 idx= 89 ✗ | true=6 (       Shirt) → pred=2 (    Pullover)
 idx= 90 ✓ | true=5 (      Sandal) → pred=5 (      Sandal)
 idx= 91 ✗ | true=3 (       Dress) → pred=1 (     Trouser)
 idx= 92 ✓ | true=6 (       Shirt) → pred=6 (       Shirt)
 idx= 93 ✓ | true=7 (     Sneaker) → pred=7 (     Sneaker)
 idx= 94 ✓ | true=1 (     Trouser) → pred=1 (     Trouser)
 idx= 95 ✓ | true=8 (         Bag) → pred=8 (         Bag)
 idx= 96 ✓ | true=0 ( T-shirt/top) → pred=0 ( T-shirt/top)
 idx= 97 ✓ | true=1 (     Trouser) → pred=1 (     Trouser)
 idx= 98 ✓ | true=4 (        Coat) → pred=4 (        Coat)
 idx= 99 ✓ | true=2 (    Pullover) → pred=2 (    Pullover)
 idx=100 ✓ | true=3 (       Dress) → pred=3 (       Dress)
 idx=101 ✓ | true=6 (       Shirt) → pred=6 (       Shirt)
 idx=102 ✓ | true=7 (     Sneaker) → pred=7 (     Sneaker)
 idx=103 ✗ | true=2 (    Pullover) → pred=6 (       Shirt)
 idx=104 ✓ | true=7 (     Sneaker) → pred=7 (     Sneaker)
 idx=105 ✓ | true=8 (         Bag) → pred=8 (         Bag)
 idx=106 ✓ | true=5 (      Sandal) → pred=5 (      Sandal)
 idx=107 ✗ | true=9 (  Ankle boot) → pred=7 (     Sneaker)
 idx=108 ✓ | true=9 (  Ankle boot) → pred=9 (  Ankle boot)
 idx=109 ✓ | true=4 (        Coat) → pred=4 (        Coat)
 idx=110 ✓ | true=2 (    Pullover) → pred=2 (    Pullover)
 idx=111 ✓ | true=5 (      Sandal) → pred=5 (      Sandal)
 idx=112 ✓ | true=7 (     Sneaker) → pred=7 (     Sneaker)
 idx=113 ✓ | true=0 ( T-shirt/top) → pred=0 ( T-shirt/top)
 idx=114 ✓ | true=5 (      Sandal) → pred=5 (      Sandal)
 idx=115 ✓ | true=2 (    Pullover) → pred=2 (    Pullover)
 idx=116 ✓ | true=8 (         Bag) → pred=8 (         Bag)
 idx=117 ✓ | true=6 (       Shirt) → pred=6 (       Shirt)
 idx=118 ✓ | true=7 (     Sneaker) → pred=7 (     Sneaker)
 idx=119 ✓ | true=8 (         Bag) → pred=8 (         Bag)
 idx=120 ✓ | true=0 ( T-shirt/top) → pred=0 ( T-shirt/top)
 idx=121 ✓ | true=0 ( T-shirt/top) → pred=0 ( T-shirt/top)
 idx=122 ✓ | true=9 (  Ankle boot) → pred=9 (  Ankle boot)
 idx=123 ✓ | true=9 (  Ankle boot) → pred=9 (  Ankle boot)
 idx=124 ✓ | true=3 (       Dress) → pred=3 (       Dress)
 idx=125 ✓ | true=0 ( T-shirt/top) → pred=0 ( T-shirt/top)
 idx=126 ✓ | true=8 (         Bag) → pred=8 (         Bag)
 idx=127 ✗ | true=4 (        Coat) → pred=6 (       Shirt)
 idx=128 ✓ | true=1 (     Trouser) → pred=1 (     Trouser)
 idx=129 ✓ | true=5 (      Sandal) → pred=5 (      Sandal)
 idx=130 ✓ | true=4 (        Coat) → pred=4 (        Coat)
 idx=131 ✓ | true=1 (     Trouser) → pred=1 (     Trouser)
 idx=132 ✓ | true=9 (  Ankle boot) → pred=9 (  Ankle boot)
 idx=133 ✓ | true=1 (     Trouser) → pred=1 (     Trouser)
 idx=134 ✓ | true=8 (         Bag) → pred=8 (         Bag)
 idx=135 ✗ | true=6 (       Shirt) → pred=4 (        Coat)
 idx=136 ✗ | true=2 (    Pullover) → pred=6 (       Shirt)
 idx=137 ✓ | true=1 (     Trouser) → pred=1 (     Trouser)
 idx=138 ✓ | true=2 (    Pullover) → pred=2 (    Pullover)
 idx=139 ✓ | true=5 (      Sandal) → pred=5 (      Sandal)
 idx=140 ✓ | true=1 (     Trouser) → pred=1 (     Trouser)
 idx=141 ✗ | true=0 ( T-shirt/top) → pred=6 (       Shirt)
 idx=142 ✓ | true=0 ( T-shirt/top) → pred=0 ( T-shirt/top)
 idx=143 ✓ | true=0 ( T-shirt/top) → pred=0 ( T-shirt/top)
 idx=144 ✓ | true=1 (     Trouser) → pred=1 (     Trouser)
 idx=145 ✓ | true=6 (       Shirt) → pred=6 (       Shirt)
 idx=146 ✓ | true=1 (     Trouser) → pred=1 (     Trouser)
 idx=147 ✗ | true=6 (       Shirt) → pred=3 (       Dress)
 idx=148 ✓ | true=2 (    Pullover) → pred=2 (    Pullover)
 idx=149 ✓ | true=2 (    Pullover) → pred=2 (    Pullover)
 idx=150 ✗ | true=4 (        Coat) → pred=3 (       Dress)
 idx=151 ✓ | true=4 (        Coat) → pred=4 (        Coat)
 idx=152 ✓ | true=1 (     Trouser) → pred=1 (     Trouser)
 idx=153 ✗ | true=4 (        Coat) → pred=3 (       Dress)
 idx=154 ✓ | true=5 (      Sandal) → pred=5 (      Sandal)
 idx=155 ✗ | true=0 ( T-shirt/top) → pred=6 (       Shirt)
 idx=156 ✓ | true=4 (        Coat) → pred=4 (        Coat)
 idx=157 ✓ | true=7 (     Sneaker) → pred=7 (     Sneaker)
 idx=158 ✓ | true=9 (  Ankle boot) → pred=9 (  Ankle boot)
 idx=159 ✓ | true=3 (       Dress) → pred=3 (       Dress)
 idx=160 ✓ | true=7 (     Sneaker) → pred=7 (     Sneaker)
 idx=161 ✓ | true=2 (    Pullover) → pred=2 (    Pullover)
 idx=162 ✓ | true=3 (       Dress) → pred=3 (       Dress)
 idx=163 ✗ | true=9 (  Ankle boot) → pred=5 (      Sandal)
 idx=164 ✓ | true=0 ( T-shirt/top) → pred=0 ( T-shirt/top)
 idx=165 ✓ | true=9 (  Ankle boot) → pred=9 (  Ankle boot)
 idx=166 ✓ | true=4 (        Coat) → pred=4 (        Coat)
 idx=167 ✓ | true=7 (     Sneaker) → pred=7 (     Sneaker)
 idx=168 ✓ | true=4 (        Coat) → pred=4 (        Coat)
 idx=169 ✓ | true=2 (    Pullover) → pred=2 (    Pullover)
 idx=170 ✓ | true=0 ( T-shirt/top) → pred=0 ( T-shirt/top)
 idx=171 ✓ | true=5 (      Sandal) → pred=5 (      Sandal)
 idx=172 ✗ | true=2 (    Pullover) → pred=6 (       Shirt)
 idx=173 ✓ | true=1 (     Trouser) → pred=1 (     Trouser)
 idx=174 ✓ | true=2 (    Pullover) → pred=2 (    Pullover)
 idx=175 ✓ | true=1 (     Trouser) → pred=1 (     Trouser)
 idx=176 ✓ | true=3 (       Dress) → pred=3 (       Dress)
 idx=177 ✓ | true=0 ( T-shirt/top) → pred=0 ( T-shirt/top)
 idx=178 ✓ | true=9 (  Ankle boot) → pred=9 (  Ankle boot)
 idx=179 ✓ | true=1 (     Trouser) → pred=1 (     Trouser)
 idx=180 ✓ | true=0 ( T-shirt/top) → pred=0 ( T-shirt/top)
 idx=181 ✓ | true=9 (  Ankle boot) → pred=9 (  Ankle boot)
 idx=182 ✓ | true=3 (       Dress) → pred=3 (       Dress)
 idx=183 ✓ | true=6 (       Shirt) → pred=6 (       Shirt)
 idx=184 ✓ | true=7 (     Sneaker) → pred=7 (     Sneaker)
 idx=185 ✓ | true=9 (  Ankle boot) → pred=9 (  Ankle boot)
 idx=186 ✓ | true=9 (  Ankle boot) → pred=9 (  Ankle boot)
 idx=187 ✓ | true=4 (        Coat) → pred=4 (        Coat)
 idx=188 ✓ | true=4 (        Coat) → pred=4 (        Coat)
 idx=189 ✓ | true=7 (     Sneaker) → pred=7 (     Sneaker)
 idx=190 ✓ | true=1 (     Trouser) → pred=1 (     Trouser)
 idx=191 ✓ | true=2 (    Pullover) → pred=2 (    Pullover)
 idx=192 ✗ | true=1 (     Trouser) → pred=3 (       Dress)
 idx=193 ✓ | true=6 (       Shirt) → pred=6 (       Shirt)
 idx=194 ✓ | true=3 (       Dress) → pred=3 (       Dress)
 idx=195 ✓ | true=2 (    Pullover) → pred=2 (    Pullover)
 idx=196 ✓ | true=8 (         Bag) → pred=8 (         Bag)
 idx=197 ✓ | true=3 (       Dress) → pred=3 (       Dress)
 idx=198 ✓ | true=6 (       Shirt) → pred=6 (       Shirt)
 idx=199 ✓ | true=1 (     Trouser) → pred=1 (     Trouser)
 idx=200 ✓ | true=1 (     Trouser) → pred=1 (     Trouser)
 idx=201 ✓ | true=0 ( T-shirt/top) → pred=0 ( T-shirt/top)
 idx=202 ✓ | true=2 (    Pullover) → pred=2 (    Pullover)
 idx=203 ✓ | true=9 (  Ankle boot) → pred=9 (  Ankle boot)
 idx=204 ✓ | true=2 (    Pullover) → pred=2 (    Pullover)
 idx=205 ✓ | true=4 (        Coat) → pred=4 (        Coat)
 idx=206 ✓ | true=0 ( T-shirt/top) → pred=0 ( T-shirt/top)
 idx=207 ✓ | true=7 (     Sneaker) → pred=7 (     Sneaker)
 idx=208 ✓ | true=9 (  Ankle boot) → pred=9 (  Ankle boot)
 idx=209 ✓ | true=8 (         Bag) → pred=8 (         Bag)
 idx=210 ✓ | true=4 (        Coat) → pred=4 (        Coat)
 idx=211 ✓ | true=1 (     Trouser) → pred=1 (     Trouser)
 idx=212 ✓ | true=8 (         Bag) → pred=8 (         Bag)
 idx=213 ✓ | true=4 (        Coat) → pred=4 (        Coat)
 idx=214 ✓ | true=1 (     Trouser) → pred=1 (     Trouser)
 idx=215 ✓ | true=3 (       Dress) → pred=3 (       Dress)
 idx=216 ✓ | true=1 (     Trouser) → pred=1 (     Trouser)
 idx=217 ✓ | true=6 (       Shirt) → pred=6 (       Shirt)
 idx=218 ✓ | true=7 (     Sneaker) → pred=7 (     Sneaker)
 idx=219 ✓ | true=2 (    Pullover) → pred=2 (    Pullover)
 idx=220 ✓ | true=8 (         Bag) → pred=8 (         Bag)
 idx=221 ✓ | true=5 (      Sandal) → pred=5 (      Sandal)
 idx=222 ✓ | true=2 (    Pullover) → pred=2 (    Pullover)
 idx=223 ✓ | true=0 ( T-shirt/top) → pred=0 ( T-shirt/top)
 idx=224 ✓ | true=7 (     Sneaker) → pred=7 (     Sneaker)
 idx=225 ✓ | true=7 (     Sneaker) → pred=7 (     Sneaker)
 idx=226 ✓ | true=6 (       Shirt) → pred=6 (       Shirt)
 idx=227 ✗ | true=2 (    Pullover) → pred=6 (       Shirt)
 idx=228 ✓ | true=7 (     Sneaker) → pred=7 (     Sneaker)
 idx=229 ✓ | true=0 ( T-shirt/top) → pred=0 ( T-shirt/top)
 idx=230 ✓ | true=7 (     Sneaker) → pred=7 (     Sneaker)
 idx=231 ✓ | true=8 (         Bag) → pred=8 (         Bag)
 idx=232 ✓ | true=9 (  Ankle boot) → pred=9 (  Ankle boot)
 idx=233 ✓ | true=2 (    Pullover) → pred=2 (    Pullover)
 idx=234 ✓ | true=9 (  Ankle boot) → pred=9 (  Ankle boot)
 idx=235 ✓ | true=0 ( T-shirt/top) → pred=0 ( T-shirt/top)
 idx=236 ✓ | true=5 (      Sandal) → pred=5 (      Sandal)
 idx=237 ✓ | true=1 (     Trouser) → pred=1 (     Trouser)
 idx=238 ✓ | true=4 (        Coat) → pred=4 (        Coat)
 idx=239 ✗ | true=4 (        Coat) → pred=2 (    Pullover)
 idx=240 ✓ | true=5 (      Sandal) → pred=5 (      Sandal)
 idx=241 ✗ | true=6 (       Shirt) → pred=4 (        Coat)
 idx=242 ✓ | true=9 (  Ankle boot) → pred=9 (  Ankle boot)
 idx=243 ✓ | true=2 (    Pullover) → pred=2 (    Pullover)
 idx=244 ✗ | true=6 (       Shirt) → pred=2 (    Pullover)
 idx=245 ✓ | true=8 (         Bag) → pred=8 (         Bag)
 idx=246 ✓ | true=6 (       Shirt) → pred=6 (       Shirt)
 idx=247 ✗ | true=4 (        Coat) → pred=2 (    Pullover)
 idx=248 ✗ | true=2 (    Pullover) → pred=6 (       Shirt)
 idx=249 ✓ | true=2 (    Pullover) → pred=2 (    Pullover)
 idx=250 ✓ | true=9 (  Ankle boot) → pred=9 (  Ankle boot)
 idx=251 ✓ | true=7 (     Sneaker) → pred=7 (     Sneaker)
 idx=252 ✓ | true=6 (       Shirt) → pred=6 (       Shirt)
 idx=253 ✓ | true=5 (      Sandal) → pred=5 (      Sandal)
 idx=254 ✓ | true=5 (      Sandal) → pred=5 (      Sandal)
 idx=255 ✗ | true=2 (    Pullover) → pred=4 (        Coat)
 idx=256 ✓ | true=8 (         Bag) → pred=8 (         Bag)
 idx=257 ✓ | true=5 (      Sandal) → pred=5 (      Sandal)
 idx=258 ✓ | true=2 (    Pullover) → pred=2 (    Pullover)
 idx=259 ✓ | true=3 (       Dress) → pred=3 (       Dress)
 idx=260 ✓ | true=0 ( T-shirt/top) → pred=0 ( T-shirt/top)
 idx=261 ✓ | true=4 (        Coat) → pred=4 (        Coat)
 idx=262 ✓ | true=8 (         Bag) → pred=8 (         Bag)
 idx=263 ✓ | true=0 ( T-shirt/top) → pred=0 ( T-shirt/top)
 idx=264 ✓ | true=0 ( T-shirt/top) → pred=0 ( T-shirt/top)
 idx=265 ✓ | true=6 (       Shirt) → pred=6 (       Shirt)
 idx=266 ✓ | true=3 (       Dress) → pred=3 (       Dress)
 idx=267 ✓ | true=8 (         Bag) → pred=8 (         Bag)
 idx=268 ✓ | true=9 (  Ankle boot) → pred=9 (  Ankle boot)
 idx=269 ✓ | true=6 (       Shirt) → pred=6 (       Shirt)
 idx=270 ✓ | true=1 (     Trouser) → pred=1 (     Trouser)
 idx=271 ✗ | true=3 (       Dress) → pred=6 (       Shirt)
 idx=272 ✓ | true=0 ( T-shirt/top) → pred=0 ( T-shirt/top)
 idx=273 ✓ | true=2 (    Pullover) → pred=2 (    Pullover)
 idx=274 ✓ | true=3 (       Dress) → pred=3 (       Dress)
 idx=275 ✓ | true=0 ( T-shirt/top) → pred=0 ( T-shirt/top)
 idx=276 ✓ | true=8 (         Bag) → pred=8 (         Bag)
 idx=277 ✓ | true=3 (       Dress) → pred=3 (       Dress)
 idx=278 ✓ | true=7 (     Sneaker) → pred=7 (     Sneaker)
 idx=279 ✓ | true=4 (        Coat) → pred=4 (        Coat)
 idx=280 ✓ | true=0 ( T-shirt/top) → pred=0 ( T-shirt/top)
 idx=281 ✓ | true=1 (     Trouser) → pred=1 (     Trouser)
 idx=282 ✓ | true=6 (       Shirt) → pred=6 (       Shirt)
 idx=283 ✓ | true=3 (       Dress) → pred=3 (       Dress)
 idx=284 ✓ | true=0 ( T-shirt/top) → pred=0 ( T-shirt/top)
 idx=285 ✗ | true=6 (       Shirt) → pred=4 (        Coat)
 idx=286 ✓ | true=6 (       Shirt) → pred=6 (       Shirt)
 idx=287 ✓ | true=7 (     Sneaker) → pred=7 (     Sneaker)
 idx=288 ✓ | true=5 (      Sandal) → pred=5 (      Sandal)
 idx=289 ✓ | true=4 (        Coat) → pred=4 (        Coat)
 idx=290 ✓ | true=5 (      Sandal) → pred=5 (      Sandal)
 idx=291 ✓ | true=9 (  Ankle boot) → pred=9 (  Ankle boot)
 idx=292 ✓ | true=5 (      Sandal) → pred=5 (      Sandal)
 idx=293 ✓ | true=6 (       Shirt) → pred=6 (       Shirt)
 idx=294 ✓ | true=5 (      Sandal) → pred=5 (      Sandal)
 idx=295 ✓ | true=5 (      Sandal) → pred=5 (      Sandal)
 idx=296 ✓ | true=1 (     Trouser) → pred=1 (     Trouser)
 idx=297 ✓ | true=9 (  Ankle boot) → pred=9 (  Ankle boot)
 idx=298 ✓ | true=8 (         Bag) → pred=8 (         Bag)
 idx=299 ✓ | true=8 (         Bag) → pred=8 (         Bag)
 idx=300 ✓ | true=3 (       Dress) → pred=3 (       Dress)
 idx=301 ✓ | true=3 (       Dress) → pred=3 (       Dress)
 idx=302 ✓ | true=6 (       Shirt) → pred=6 (       Shirt)
 idx=303 ✓ | true=8 (         Bag) → pred=8 (         Bag)
 idx=304 ✓ | true=0 ( T-shirt/top) → pred=0 ( T-shirt/top)
 idx=305 ✓ | true=0 ( T-shirt/top) → pred=0 ( T-shirt/top)
 idx=306 ✓ | true=2 (    Pullover) → pred=2 (    Pullover)
 idx=307 ✓ | true=9 (  Ankle boot) → pred=9 (  Ankle boot)
 idx=308 ✓ | true=7 (     Sneaker) → pred=7 (     Sneaker)
 idx=309 ✓ | true=7 (     Sneaker) → pred=7 (     Sneaker)
 idx=310 ✓ | true=1 (     Trouser) → pred=1 (     Trouser)
 idx=311 ✓ | true=3 (       Dress) → pred=3 (       Dress)
 idx=312 ✓ | true=6 (       Shirt) → pred=6 (       Shirt)
 idx=313 ✓ | true=4 (        Coat) → pred=4 (        Coat)
 idx=314 ✗ | true=2 (    Pullover) → pred=6 (       Shirt)
 idx=315 ✓ | true=4 (        Coat) → pred=4 (        Coat)
 idx=316 ✗ | true=9 (  Ankle boot) → pred=7 (     Sneaker)
 idx=317 ✓ | true=1 (     Trouser) → pred=1 (     Trouser)
 idx=318 ✓ | true=6 (       Shirt) → pred=6 (       Shirt)
 idx=319 ✓ | true=4 (        Coat) → pred=4 (        Coat)
 idx=320 ✗ | true=8 (         Bag) → pred=5 (      Sandal)
 idx=321 ✓ | true=2 (    Pullover) → pred=2 (    Pullover)
 idx=322 ✓ | true=6 (       Shirt) → pred=6 (       Shirt)
 idx=323 ✓ | true=5 (      Sandal) → pred=5 (      Sandal)
 idx=324 ✗ | true=4 (        Coat) → pred=6 (       Shirt)
 idx=325 ✗ | true=6 (       Shirt) → pred=2 (    Pullover)
 idx=326 ✓ | true=7 (     Sneaker) → pred=7 (     Sneaker)
 idx=327 ✓ | true=7 (     Sneaker) → pred=7 (     Sneaker)
 idx=328 ✓ | true=7 (     Sneaker) → pred=7 (     Sneaker)
 idx=329 ✓ | true=3 (       Dress) → pred=3 (       Dress)
 idx=330 ✓ | true=3 (       Dress) → pred=3 (       Dress)
 idx=331 ✓ | true=7 (     Sneaker) → pred=7 (     Sneaker)
 idx=332 ✓ | true=0 ( T-shirt/top) → pred=0 ( T-shirt/top)
 idx=333 ✓ | true=7 (     Sneaker) → pred=7 (     Sneaker)
 idx=334 ✓ | true=1 (     Trouser) → pred=1 (     Trouser)
 idx=335 ✓ | true=3 (       Dress) → pred=3 (       Dress)
 idx=336 ✓ | true=7 (     Sneaker) → pred=7 (     Sneaker)
 idx=337 ✓ | true=2 (    Pullover) → pred=2 (    Pullover)
 idx=338 ✓ | true=2 (    Pullover) → pred=2 (    Pullover)
 idx=339 ✓ | true=3 (       Dress) → pred=3 (       Dress)
 idx=340 ✓ | true=4 (        Coat) → pred=4 (        Coat)
 idx=341 ✓ | true=0 ( T-shirt/top) → pred=0 ( T-shirt/top)
 idx=342 ✓ | true=3 (       Dress) → pred=3 (       Dress)
 idx=343 ✓ | true=1 (     Trouser) → pred=1 (     Trouser)
 idx=344 ✓ | true=6 (       Shirt) → pred=6 (       Shirt)
 idx=345 ✓ | true=1 (     Trouser) → pred=1 (     Trouser)
 idx=346 ✓ | true=9 (  Ankle boot) → pred=9 (  Ankle boot)
 idx=347 ✓ | true=4 (        Coat) → pred=4 (        Coat)
 idx=348 ✓ | true=9 (  Ankle boot) → pred=9 (  Ankle boot)
 idx=349 ✓ | true=9 (  Ankle boot) → pred=9 (  Ankle boot)
 idx=350 ✓ | true=1 (     Trouser) → pred=1 (     Trouser)
 idx=351 ✓ | true=7 (     Sneaker) → pred=7 (     Sneaker)
 idx=352 ✓ | true=8 (         Bag) → pred=8 (         Bag)
 idx=353 ✓ | true=3 (       Dress) → pred=3 (       Dress)
 idx=354 ✓ | true=6 (       Shirt) → pred=6 (       Shirt)
 idx=355 ✓ | true=0 ( T-shirt/top) → pred=0 ( T-shirt/top)
 idx=356 ✓ | true=2 (    Pullover) → pred=2 (    Pullover)
 idx=357 ✓ | true=4 (        Coat) → pred=4 (        Coat)
 idx=358 ✓ | true=8 (         Bag) → pred=8 (         Bag)
 idx=359 ✗ | true=0 ( T-shirt/top) → pred=6 (       Shirt)
 idx=360 ✓ | true=1 (     Trouser) → pred=1 (     Trouser)
 idx=361 ✗ | true=2 (    Pullover) → pred=6 (       Shirt)
 idx=362 ✓ | true=2 (    Pullover) → pred=2 (    Pullover)
 idx=363 ✓ | true=4 (        Coat) → pred=4 (        Coat)
 idx=364 ✗ | true=4 (        Coat) → pred=2 (    Pullover)
 idx=365 ✓ | true=7 (     Sneaker) → pred=7 (     Sneaker)
 idx=366 ✓ | true=3 (       Dress) → pred=3 (       Dress)
 idx=367 ✓ | true=2 (    Pullover) → pred=2 (    Pullover)
 idx=368 ✗ | true=2 (    Pullover) → pred=6 (       Shirt)
 idx=369 ✓ | true=5 (      Sandal) → pred=5 (      Sandal)
 idx=370 ✓ | true=0 ( T-shirt/top) → pred=0 ( T-shirt/top)
 idx=371 ✓ | true=7 (     Sneaker) → pred=7 (     Sneaker)
 idx=372 ✓ | true=9 (  Ankle boot) → pred=9 (  Ankle boot)
 idx=373 ✓ | true=4 (        Coat) → pred=4 (        Coat)
 idx=374 ✗ | true=0 ( T-shirt/top) → pred=6 (       Shirt)
 idx=375 ✓ | true=9 (  Ankle boot) → pred=9 (  Ankle boot)
 idx=376 ✓ | true=3 (       Dress) → pred=3 (       Dress)
 idx=377 ✓ | true=9 (  Ankle boot) → pred=9 (  Ankle boot)
 idx=378 ✗ | true=4 (        Coat) → pred=3 (       Dress)
 idx=379 ✗ | true=2 (    Pullover) → pred=3 (       Dress)
 idx=380 ✓ | true=5 (      Sandal) → pred=5 (      Sandal)
 idx=381 ✗ | true=0 ( T-shirt/top) → pred=6 (       Shirt)
 idx=382 ✗ | true=2 (    Pullover) → pred=0 ( T-shirt/top)
 idx=383 ✓ | true=3 (       Dress) → pred=3 (       Dress)
 idx=384 ✓ | true=5 (      Sandal) → pred=5 (      Sandal)
 idx=385 ✓ | true=8 (         Bag) → pred=8 (         Bag)
 idx=386 ✓ | true=1 (     Trouser) → pred=1 (     Trouser)
 idx=387 ✓ | true=6 (       Shirt) → pred=6 (       Shirt)
 idx=388 ✓ | true=2 (    Pullover) → pred=2 (    Pullover)
 idx=389 ✓ | true=6 (       Shirt) → pred=6 (       Shirt)
 idx=390 ✓ | true=6 (       Shirt) → pred=6 (       Shirt)
 idx=391 ✓ | true=4 (        Coat) → pred=4 (        Coat)
 idx=392 ✓ | true=9 (  Ankle boot) → pred=9 (  Ankle boot)
 idx=393 ✓ | true=5 (      Sandal) → pred=5 (      Sandal)
 idx=394 ✗ | true=2 (    Pullover) → pred=4 (        Coat)
 idx=395 ✓ | true=0 ( T-shirt/top) → pred=0 ( T-shirt/top)
 idx=396 ✗ | true=4 (        Coat) → pred=6 (       Shirt)
 idx=397 ✓ | true=6 (       Shirt) → pred=6 (       Shirt)
 idx=398 ✓ | true=1 (     Trouser) → pred=1 (     Trouser)
 idx=399 ✓ | true=2 (    Pullover) → pred=2 (    Pullover)
 idx=400 ✓ | true=0 ( T-shirt/top) → pred=0 ( T-shirt/top)
 idx=401 ✓ | true=9 (  Ankle boot) → pred=9 (  Ankle boot)
 idx=402 ✓ | true=7 (     Sneaker) → pred=7 (     Sneaker)
 idx=403 ✓ | true=0 ( T-shirt/top) → pred=0 ( T-shirt/top)
 idx=404 ✗ | true=4 (        Coat) → pred=3 (       Dress)
 idx=405 ✓ | true=4 (        Coat) → pred=4 (        Coat)
 idx=406 ✗ | true=6 (       Shirt) → pred=2 (    Pullover)
 idx=407 ✓ | true=6 (       Shirt) → pred=6 (       Shirt)
 idx=408 ✓ | true=2 (    Pullover) → pred=2 (    Pullover)
 idx=409 ✗ | true=1 (     Trouser) → pred=3 (       Dress)
 idx=410 ✓ | true=0 ( T-shirt/top) → pred=0 ( T-shirt/top)
 idx=411 ✓ | true=6 (       Shirt) → pred=6 (       Shirt)
 idx=412 ✓ | true=7 (     Sneaker) → pred=7 (     Sneaker)
 idx=413 ✓ | true=2 (    Pullover) → pred=2 (    Pullover)
 idx=414 ✓ | true=9 (  Ankle boot) → pred=9 (  Ankle boot)
 idx=415 ✓ | true=4 (        Coat) → pred=4 (        Coat)
 idx=416 ✓ | true=2 (    Pullover) → pred=2 (    Pullover)
 idx=417 ✓ | true=1 (     Trouser) → pred=1 (     Trouser)
 idx=418 ✓ | true=5 (      Sandal) → pred=5 (      Sandal)
 idx=419 ✓ | true=4 (        Coat) → pred=4 (        Coat)
 idx=420 ✓ | true=5 (      Sandal) → pred=5 (      Sandal)
 idx=421 ✓ | true=3 (       Dress) → pred=3 (       Dress)
 idx=422 ✓ | true=8 (         Bag) → pred=8 (         Bag)
 idx=423 ✓ | true=5 (      Sandal) → pred=5 (      Sandal)
 idx=424 ✓ | true=8 (         Bag) → pred=8 (         Bag)
 idx=425 ✓ | true=4 (        Coat) → pred=4 (        Coat)
 idx=426 ✓ | true=4 (        Coat) → pred=4 (        Coat)
 idx=427 ✓ | true=8 (         Bag) → pred=8 (         Bag)
 idx=428 ✓ | true=9 (  Ankle boot) → pred=9 (  Ankle boot)
 idx=429 ✓ | true=8 (         Bag) → pred=8 (         Bag)
 idx=430 ✓ | true=6 (       Shirt) → pred=6 (       Shirt)
 idx=431 ✓ | true=2 (    Pullover) → pred=2 (    Pullover)
 idx=432 ✓ | true=4 (        Coat) → pred=4 (        Coat)
 idx=433 ✓ | true=4 (        Coat) → pred=4 (        Coat)
 idx=434 ✓ | true=2 (    Pullover) → pred=2 (    Pullover)
 idx=435 ✓ | true=4 (        Coat) → pred=4 (        Coat)
 idx=436 ✓ | true=1 (     Trouser) → pred=1 (     Trouser)
 idx=437 ✓ | true=6 (       Shirt) → pred=6 (       Shirt)
 idx=438 ✓ | true=1 (     Trouser) → pred=1 (     Trouser)
 idx=439 ✓ | true=3 (       Dress) → pred=3 (       Dress)
 idx=440 ✓ | true=0 ( T-shirt/top) → pred=0 ( T-shirt/top)
 idx=441 ✗ | true=9 (  Ankle boot) → pred=7 (     Sneaker)
 idx=442 ✓ | true=8 (         Bag) → pred=8 (         Bag)
 idx=443 ✓ | true=8 (         Bag) → pred=8 (         Bag)
 idx=444 ✗ | true=6 (       Shirt) → pred=4 (        Coat)
 idx=445 ✓ | true=5 (      Sandal) → pred=5 (      Sandal)
 idx=446 ✓ | true=3 (       Dress) → pred=3 (       Dress)
 idx=447 ✓ | true=1 (     Trouser) → pred=1 (     Trouser)
 idx=448 ✓ | true=9 (  Ankle boot) → pred=9 (  Ankle boot)
 idx=449 ✓ | true=5 (      Sandal) → pred=5 (      Sandal)
 idx=450 ✓ | true=3 (       Dress) → pred=3 (       Dress)
 idx=451 ✓ | true=3 (       Dress) → pred=3 (       Dress)
 idx=452 ✓ | true=0 ( T-shirt/top) → pred=0 ( T-shirt/top)
 idx=453 ✓ | true=1 (     Trouser) → pred=1 (     Trouser)
 idx=454 ✗ | true=0 ( T-shirt/top) → pred=2 (    Pullover)
 idx=455 ✓ | true=2 (    Pullover) → pred=2 (    Pullover)
 idx=456 ✓ | true=9 (  Ankle boot) → pred=9 (  Ankle boot)
 idx=457 ✗ | true=2 (    Pullover) → pred=4 (        Coat)
 idx=458 ✓ | true=0 ( T-shirt/top) → pred=0 ( T-shirt/top)
 idx=459 ✓ | true=6 (       Shirt) → pred=6 (       Shirt)
 idx=460 ✗ | true=3 (       Dress) → pred=0 ( T-shirt/top)
 idx=461 ✓ | true=4 (        Coat) → pred=4 (        Coat)
 idx=462 ✓ | true=2 (    Pullover) → pred=2 (    Pullover)
 idx=463 ✓ | true=0 ( T-shirt/top) → pred=0 ( T-shirt/top)
 idx=464 ✓ | true=0 ( T-shirt/top) → pred=0 ( T-shirt/top)
 idx=465 ✓ | true=3 (       Dress) → pred=3 (       Dress)
 idx=466 ✓ | true=3 (       Dress) → pred=3 (       Dress)
 idx=467 ✓ | true=8 (         Bag) → pred=8 (         Bag)
 idx=468 ✓ | true=2 (    Pullover) → pred=2 (    Pullover)
 idx=469 ✓ | true=8 (         Bag) → pred=8 (         Bag)
 idx=470 ✓ | true=9 (  Ankle boot) → pred=9 (  Ankle boot)
 idx=471 ✓ | true=4 (        Coat) → pred=4 (        Coat)
 idx=472 ✓ | true=0 ( T-shirt/top) → pred=0 ( T-shirt/top)
 idx=473 ✓ | true=7 (     Sneaker) → pred=7 (     Sneaker)
 idx=474 ✗ | true=6 (       Shirt) → pred=0 ( T-shirt/top)
 idx=475 ✓ | true=4 (        Coat) → pred=4 (        Coat)
 idx=476 ✓ | true=4 (        Coat) → pred=4 (        Coat)
 idx=477 ✓ | true=9 (  Ankle boot) → pred=9 (  Ankle boot)
 idx=478 ✓ | true=2 (    Pullover) → pred=2 (    Pullover)
 idx=479 ✓ | true=9 (  Ankle boot) → pred=9 (  Ankle boot)
 idx=480 ✓ | true=5 (      Sandal) → pred=5 (      Sandal)
 idx=481 ✓ | true=9 (  Ankle boot) → pred=9 (  Ankle boot)
 idx=482 ✓ | true=3 (       Dress) → pred=3 (       Dress)
 idx=483 ✓ | true=7 (     Sneaker) → pred=7 (     Sneaker)
 idx=484 ✓ | true=5 (      Sandal) → pred=5 (      Sandal)
 idx=485 ✓ | true=7 (     Sneaker) → pred=7 (     Sneaker)
 idx=486 ✓ | true=8 (         Bag) → pred=8 (         Bag)
 idx=487 ✓ | true=1 (     Trouser) → pred=1 (     Trouser)
 idx=488 ✓ | true=0 ( T-shirt/top) → pred=0 ( T-shirt/top)
 idx=489 ✓ | true=0 ( T-shirt/top) → pred=0 ( T-shirt/top)
 idx=490 ✓ | true=3 (       Dress) → pred=3 (       Dress)
 idx=491 ✓ | true=4 (        Coat) → pred=4 (        Coat)
 idx=492 ✓ | true=8 (         Bag) → pred=8 (         Bag)
 idx=493 ✓ | true=9 (  Ankle boot) → pred=9 (  Ankle boot)
 idx=494 ✓ | true=7 (     Sneaker) → pred=7 (     Sneaker)
 idx=495 ✓ | true=9 (  Ankle boot) → pred=9 (  Ankle boot)
 idx=496 ✓ | true=1 (     Trouser) → pred=1 (     Trouser)
 idx=497 ✓ | true=2 (    Pullover) → pred=2 (    Pullover)
 idx=498 ✓ | true=7 (     Sneaker) → pred=7 (     Sneaker)
 idx=499 ✓ | true=0 ( T-shirt/top) → pred=0 ( T-shirt/top)
 idx=500 ✓ | true=2 (    Pullover) → pred=2 (    Pullover)
 idx=501 ✓ | true=0 ( T-shirt/top) → pred=0 ( T-shirt/top)
 idx=502 ✓ | true=5 (      Sandal) → pred=5 (      Sandal)
 idx=503 ✓ | true=7 (     Sneaker) → pred=7 (     Sneaker)
 idx=504 ✓ | true=1 (     Trouser) → pred=1 (     Trouser)
 idx=505 ✓ | true=8 (         Bag) → pred=8 (         Bag)
 idx=506 ✓ | true=2 (    Pullover) → pred=2 (    Pullover)
 idx=507 ✓ | true=2 (    Pullover) → pred=2 (    Pullover)
 idx=508 ✓ | true=2 (    Pullover) → pred=2 (    Pullover)
 idx=509 ✓ | true=2 (    Pullover) → pred=2 (    Pullover)
 idx=510 ✓ | true=4 (        Coat) → pred=4 (        Coat)
 idx=511 ✓ | true=2 (    Pullover) → pred=2 (    Pullover)
 idx=512 ✓ | true=6 (       Shirt) → pred=6 (       Shirt)
 idx=513 ✓ | true=1 (     Trouser) → pred=1 (     Trouser)
 idx=514 ✓ | true=9 (  Ankle boot) → pred=9 (  Ankle boot)
 idx=515 ✓ | true=8 (         Bag) → pred=8 (         Bag)
 idx=516 ✓ | true=5 (      Sandal) → pred=5 (      Sandal)
 idx=517 ✓ | true=1 (     Trouser) → pred=1 (     Trouser)
 idx=518 ✓ | true=9 (  Ankle boot) → pred=9 (  Ankle boot)
 idx=519 ✓ | true=1 (     Trouser) → pred=1 (     Trouser)
 idx=520 ✓ | true=2 (    Pullover) → pred=2 (    Pullover)
 idx=521 ✓ | true=8 (         Bag) → pred=8 (         Bag)
 idx=522 ✓ | true=3 (       Dress) → pred=3 (       Dress)
 idx=523 ✓ | true=8 (         Bag) → pred=8 (         Bag)
 idx=524 ✓ | true=9 (  Ankle boot) → pred=9 (  Ankle boot)
 idx=525 ✓ | true=2 (    Pullover) → pred=2 (    Pullover)
 idx=526 ✓ | true=4 (        Coat) → pred=4 (        Coat)
 idx=527 ✓ | true=2 (    Pullover) → pred=2 (    Pullover)
 idx=528 ✓ | true=8 (         Bag) → pred=8 (         Bag)
 idx=529 ✗ | true=8 (         Bag) → pred=0 ( T-shirt/top)
 idx=530 ✓ | true=2 (    Pullover) → pred=2 (    Pullover)
 idx=531 ✓ | true=0 ( T-shirt/top) → pred=0 ( T-shirt/top)
 idx=532 ✓ | true=5 (      Sandal) → pred=5 (      Sandal)
 idx=533 ✓ | true=8 (         Bag) → pred=8 (         Bag)
 idx=534 ✓ | true=8 (         Bag) → pred=8 (         Bag)
 idx=535 ✓ | true=5 (      Sandal) → pred=5 (      Sandal)
 idx=536 ✓ | true=3 (       Dress) → pred=3 (       Dress)
 idx=537 ✓ | true=9 (  Ankle boot) → pred=9 (  Ankle boot)
 idx=538 ✓ | true=4 (        Coat) → pred=4 (        Coat)
 idx=539 ✓ | true=3 (       Dress) → pred=3 (       Dress)
 idx=540 ✓ | true=4 (        Coat) → pred=4 (        Coat)
 idx=541 ✓ | true=4 (        Coat) → pred=4 (        Coat)
 idx=542 ✓ | true=5 (      Sandal) → pred=5 (      Sandal)
 idx=543 ✓ | true=1 (     Trouser) → pred=1 (     Trouser)
 idx=544 ✓ | true=0 ( T-shirt/top) → pred=0 ( T-shirt/top)
 idx=545 ✓ | true=1 (     Trouser) → pred=1 (     Trouser)
 idx=546 ✓ | true=2 (    Pullover) → pred=2 (    Pullover)
 idx=547 ✓ | true=0 ( T-shirt/top) → pred=0 ( T-shirt/top)
 idx=548 ✗ | true=6 (       Shirt) → pred=4 (        Coat)
 idx=549 ✓ | true=9 (  Ankle boot) → pred=9 (  Ankle boot)
 idx=550 ✓ | true=6 (       Shirt) → pred=6 (       Shirt)
 idx=551 ✓ | true=1 (     Trouser) → pred=1 (     Trouser)
 idx=552 ✓ | true=5 (      Sandal) → pred=5 (      Sandal)
 idx=553 ✓ | true=1 (     Trouser) → pred=1 (     Trouser)
 idx=554 ✓ | true=1 (     Trouser) → pred=1 (     Trouser)
 idx=555 ✓ | true=1 (     Trouser) → pred=1 (     Trouser)
 idx=556 ✓ | true=9 (  Ankle boot) → pred=9 (  Ankle boot)
 idx=557 ✓ | true=3 (       Dress) → pred=3 (       Dress)
 idx=558 ✓ | true=4 (        Coat) → pred=4 (        Coat)
 idx=559 ✓ | true=5 (      Sandal) → pred=5 (      Sandal)
 idx=560 ✓ | true=3 (       Dress) → pred=3 (       Dress)
 idx=561 ✓ | true=6 (       Shirt) → pred=6 (       Shirt)
 idx=562 ✗ | true=6 (       Shirt) → pred=2 (    Pullover)
 idx=563 ✗ | true=6 (       Shirt) → pred=0 ( T-shirt/top)
 idx=564 ✓ | true=4 (        Coat) → pred=4 (        Coat)
 idx=565 ✗ | true=6 (       Shirt) → pred=0 ( T-shirt/top)
 idx=566 ✓ | true=0 ( T-shirt/top) → pred=0 ( T-shirt/top)
 idx=567 ✓ | true=5 (      Sandal) → pred=5 (      Sandal)
 idx=568 ✓ | true=8 (         Bag) → pred=8 (         Bag)
 idx=569 ✗ | true=3 (       Dress) → pred=0 ( T-shirt/top)
 idx=570 ✓ | true=3 (       Dress) → pred=3 (       Dress)
 idx=571 ✓ | true=4 (        Coat) → pred=4 (        Coat)
 idx=572 ✗ | true=6 (       Shirt) → pred=0 ( T-shirt/top)
 idx=573 ✓ | true=7 (     Sneaker) → pred=7 (     Sneaker)
 idx=574 ✓ | true=7 (     Sneaker) → pred=7 (     Sneaker)
 idx=575 ✓ | true=8 (         Bag) → pred=8 (         Bag)
 idx=576 ✓ | true=9 (  Ankle boot) → pred=9 (  Ankle boot)
 idx=577 ✗ | true=0 ( T-shirt/top) → pred=6 (       Shirt)
 idx=578 ✓ | true=3 (       Dress) → pred=3 (       Dress)
 idx=579 ✓ | true=8 (         Bag) → pred=8 (         Bag)
 idx=580 ✓ | true=7 (     Sneaker) → pred=7 (     Sneaker)
 idx=581 ✓ | true=6 (       Shirt) → pred=6 (       Shirt)
 idx=582 ✓ | true=7 (     Sneaker) → pred=7 (     Sneaker)
 idx=583 ✓ | true=9 (  Ankle boot) → pred=9 (  Ankle boot)
 idx=584 ✓ | true=3 (       Dress) → pred=3 (       Dress)
 idx=585 ✓ | true=4 (        Coat) → pred=4 (        Coat)
 idx=586 ✗ | true=6 (       Shirt) → pred=0 ( T-shirt/top)
 idx=587 ✓ | true=6 (       Shirt) → pred=6 (       Shirt)
 idx=588 ✓ | true=5 (      Sandal) → pred=5 (      Sandal)
 idx=589 ✓ | true=0 ( T-shirt/top) → pred=0 ( T-shirt/top)
 idx=590 ✓ | true=1 (     Trouser) → pred=1 (     Trouser)
 idx=591 ✓ | true=1 (     Trouser) → pred=1 (     Trouser)
 idx=592 ✓ | true=5 (      Sandal) → pred=5 (      Sandal)
 idx=593 ✓ | true=9 (  Ankle boot) → pred=9 (  Ankle boot)
 idx=594 ✓ | true=4 (        Coat) → pred=4 (        Coat)
 idx=595 ✗ | true=6 (       Shirt) → pred=2 (    Pullover)
 idx=596 ✓ | true=5 (      Sandal) → pred=5 (      Sandal)
 idx=597 ✓ | true=7 (     Sneaker) → pred=7 (     Sneaker)
 idx=598 ✓ | true=8 (         Bag) → pred=8 (         Bag)
 idx=599 ✓ | true=1 (     Trouser) → pred=1 (     Trouser)
 idx=600 ✓ | true=2 (    Pullover) → pred=2 (    Pullover)
 idx=601 ✓ | true=9 (  Ankle boot) → pred=9 (  Ankle boot)
 idx=602 ✓ | true=7 (     Sneaker) → pred=7 (     Sneaker)
 idx=603 ✓ | true=7 (     Sneaker) → pred=7 (     Sneaker)
 idx=604 ✓ | true=1 (     Trouser) → pred=1 (     Trouser)
 idx=605 ✓ | true=0 ( T-shirt/top) → pred=0 ( T-shirt/top)
 idx=606 ✓ | true=9 (  Ankle boot) → pred=9 (  Ankle boot)
 idx=607 ✓ | true=3 (       Dress) → pred=3 (       Dress)
 idx=608 ✓ | true=2 (    Pullover) → pred=2 (    Pullover)
 idx=609 ✓ | true=9 (  Ankle boot) → pred=9 (  Ankle boot)
 idx=610 ✓ | true=0 ( T-shirt/top) → pred=0 ( T-shirt/top)
 idx=611 ✓ | true=7 (     Sneaker) → pred=7 (     Sneaker)
 idx=612 ✓ | true=6 (       Shirt) → pred=6 (       Shirt)
 idx=613 ✓ | true=8 (         Bag) → pred=8 (         Bag)
 idx=614 ✓ | true=2 (    Pullover) → pred=2 (    Pullover)
 idx=615 ✓ | true=7 (     Sneaker) → pred=7 (     Sneaker)
 idx=616 ✓ | true=0 ( T-shirt/top) → pred=0 ( T-shirt/top)
 idx=617 ✓ | true=2 (    Pullover) → pred=2 (    Pullover)
 idx=618 ✓ | true=3 (       Dress) → pred=3 (       Dress)
 idx=619 ✓ | true=8 (         Bag) → pred=8 (         Bag)
 idx=620 ✓ | true=2 (    Pullover) → pred=2 (    Pullover)
 idx=621 ✓ | true=2 (    Pullover) → pred=2 (    Pullover)
 idx=622 ✓ | true=6 (       Shirt) → pred=6 (       Shirt)
 idx=623 ✓ | true=9 (  Ankle boot) → pred=9 (  Ankle boot)
 idx=624 ✓ | true=3 (       Dress) → pred=3 (       Dress)
 idx=625 ✓ | true=0 ( T-shirt/top) → pred=0 ( T-shirt/top)
 idx=626 ✓ | true=7 (     Sneaker) → pred=7 (     Sneaker)
 idx=627 ✓ | true=8 (         Bag) → pred=8 (         Bag)
 idx=628 ✓ | true=6 (       Shirt) → pred=6 (       Shirt)
 idx=629 ✓ | true=2 (    Pullover) → pred=2 (    Pullover)
 idx=630 ✓ | true=9 (  Ankle boot) → pred=9 (  Ankle boot)
 idx=631 ✓ | true=4 (        Coat) → pred=4 (        Coat)
 idx=632 ✓ | true=2 (    Pullover) → pred=2 (    Pullover)
 idx=633 ✓ | true=6 (       Shirt) → pred=6 (       Shirt)
 idx=634 ✗ | true=6 (       Shirt) → pred=4 (        Coat)
 idx=635 ✗ | true=8 (         Bag) → pred=2 (    Pullover)
 idx=636 ✓ | true=0 ( T-shirt/top) → pred=0 ( T-shirt/top)
 idx=637 ✓ | true=4 (        Coat) → pred=4 (        Coat)
 idx=638 ✓ | true=4 (        Coat) → pred=4 (        Coat)
 idx=639 ✗ | true=4 (        Coat) → pred=2 (    Pullover)
 idx=640 ✓ | true=7 (     Sneaker) → pred=7 (     Sneaker)
 idx=641 ✓ | true=5 (      Sandal) → pred=5 (      Sandal)
 idx=642 ✓ | true=8 (         Bag) → pred=8 (         Bag)
 idx=643 ✓ | true=4 (        Coat) → pred=4 (        Coat)
 idx=644 ✓ | true=9 (  Ankle boot) → pred=9 (  Ankle boot)
 idx=645 ✓ | true=1 (     Trouser) → pred=1 (     Trouser)
 idx=646 ✓ | true=0 ( T-shirt/top) → pred=0 ( T-shirt/top)
 idx=647 ✓ | true=5 (      Sandal) → pred=5 (      Sandal)
 idx=648 ✓ | true=4 (        Coat) → pred=4 (        Coat)
 idx=649 ✓ | true=4 (        Coat) → pred=4 (        Coat)
 idx=650 ✓ | true=4 (        Coat) → pred=4 (        Coat)
 idx=651 ✓ | true=0 ( T-shirt/top) → pred=0 ( T-shirt/top)
 idx=652 ✓ | true=0 ( T-shirt/top) → pred=0 ( T-shirt/top)
 idx=653 ✓ | true=4 (        Coat) → pred=4 (        Coat)
 idx=654 ✓ | true=5 (      Sandal) → pred=5 (      Sandal)
 idx=655 ✓ | true=6 (       Shirt) → pred=6 (       Shirt)
 idx=656 ✓ | true=0 ( T-shirt/top) → pred=0 ( T-shirt/top)
 idx=657 ✓ | true=4 (        Coat) → pred=4 (        Coat)
 idx=658 ✓ | true=5 (      Sandal) → pred=5 (      Sandal)
 idx=659 ✓ | true=4 (        Coat) → pred=4 (        Coat)
 idx=660 ✓ | true=1 (     Trouser) → pred=1 (     Trouser)
 idx=661 ✓ | true=3 (       Dress) → pred=3 (       Dress)
 idx=662 ✓ | true=1 (     Trouser) → pred=1 (     Trouser)
 idx=663 ✗ | true=1 (     Trouser) → pred=3 (       Dress)
 idx=664 ✓ | true=6 (       Shirt) → pred=6 (       Shirt)
 idx=665 ✓ | true=4 (        Coat) → pred=4 (        Coat)
 idx=666 ✓ | true=3 (       Dress) → pred=3 (       Dress)
 idx=667 ✓ | true=8 (         Bag) → pred=8 (         Bag)
 idx=668 ✓ | true=2 (    Pullover) → pred=2 (    Pullover)
 idx=669 ✗ | true=8 (         Bag) → pred=0 ( T-shirt/top)
 idx=670 ✗ | true=2 (    Pullover) → pred=6 (       Shirt)
 idx=671 ✓ | true=7 (     Sneaker) → pred=7 (     Sneaker)
 idx=672 ✓ | true=0 ( T-shirt/top) → pred=0 ( T-shirt/top)
 idx=673 ✓ | true=4 (        Coat) → pred=4 (        Coat)
 idx=674 ✓ | true=0 ( T-shirt/top) → pred=0 ( T-shirt/top)
 idx=675 ✓ | true=8 (         Bag) → pred=8 (         Bag)
 idx=676 ✓ | true=5 (      Sandal) → pred=5 (      Sandal)
 idx=677 ✓ | true=0 ( T-shirt/top) → pred=0 ( T-shirt/top)
 idx=678 ✓ | true=8 (         Bag) → pred=8 (         Bag)
 idx=679 ✓ | true=2 (    Pullover) → pred=2 (    Pullover)
 idx=680 ✓ | true=9 (  Ankle boot) → pred=9 (  Ankle boot)
 idx=681 ✗ | true=0 ( T-shirt/top) → pred=6 (       Shirt)
 idx=682 ✓ | true=8 (         Bag) → pred=8 (         Bag)
 idx=683 ✓ | true=9 (  Ankle boot) → pred=9 (  Ankle boot)
 idx=684 ✓ | true=6 (       Shirt) → pred=6 (       Shirt)
 idx=685 ✓ | true=4 (        Coat) → pred=4 (        Coat)
 idx=686 ✓ | true=2 (    Pullover) → pred=2 (    Pullover)
 idx=687 ✓ | true=9 (  Ankle boot) → pred=9 (  Ankle boot)
 idx=688 ✗ | true=3 (       Dress) → pred=6 (       Shirt)
 idx=689 ✗ | true=4 (        Coat) → pred=2 (    Pullover)
 idx=690 ✓ | true=5 (      Sandal) → pred=5 (      Sandal)
 idx=691 ✓ | true=0 ( T-shirt/top) → pred=0 ( T-shirt/top)
 idx=692 ✓ | true=9 (  Ankle boot) → pred=9 (  Ankle boot)
 idx=693 ✓ | true=5 (      Sandal) → pred=5 (      Sandal)
 idx=694 ✓ | true=3 (       Dress) → pred=3 (       Dress)
 idx=695 ✓ | true=6 (       Shirt) → pred=6 (       Shirt)
 idx=696 ✓ | true=6 (       Shirt) → pred=6 (       Shirt)
 idx=697 ✗ | true=8 (         Bag) → pred=6 (       Shirt)
 idx=698 ✓ | true=3 (       Dress) → pred=3 (       Dress)
 idx=699 ✓ | true=3 (       Dress) → pred=3 (       Dress)
 idx=700 ✓ | true=8 (         Bag) → pred=8 (         Bag)
 idx=701 ✓ | true=1 (     Trouser) → pred=1 (     Trouser)
 idx=702 ✗ | true=4 (        Coat) → pred=2 (    Pullover)
 idx=703 ✓ | true=0 ( T-shirt/top) → pred=0 ( T-shirt/top)
 idx=704 ✓ | true=9 (  Ankle boot) → pred=9 (  Ankle boot)
 idx=705 ✓ | true=7 (     Sneaker) → pred=7 (     Sneaker)
 idx=706 ✓ | true=9 (  Ankle boot) → pred=9 (  Ankle boot)
 idx=707 ✓ | true=4 (        Coat) → pred=4 (        Coat)
 idx=708 ✓ | true=8 (         Bag) → pred=8 (         Bag)
 idx=709 ✓ | true=9 (  Ankle boot) → pred=9 (  Ankle boot)
 idx=710 ✓ | true=1 (     Trouser) → pred=1 (     Trouser)
 idx=711 ✗ | true=6 (       Shirt) → pred=3 (       Dress)
 idx=712 ✓ | true=7 (     Sneaker) → pred=7 (     Sneaker)
 idx=713 ✓ | true=3 (       Dress) → pred=3 (       Dress)
 idx=714 ✓ | true=0 ( T-shirt/top) → pred=0 ( T-shirt/top)
 idx=715 ✓ | true=2 (    Pullover) → pred=2 (    Pullover)
 idx=716 ✓ | true=6 (       Shirt) → pred=6 (       Shirt)
 idx=717 ✓ | true=7 (     Sneaker) → pred=7 (     Sneaker)
 idx=718 ✓ | true=1 (     Trouser) → pred=1 (     Trouser)
 idx=719 ✓ | true=0 ( T-shirt/top) → pred=0 ( T-shirt/top)
 idx=720 ✓ | true=0 ( T-shirt/top) → pred=0 ( T-shirt/top)
 idx=721 ✓ | true=8 (         Bag) → pred=8 (         Bag)
 idx=722 ✗ | true=5 (      Sandal) → pred=7 (     Sneaker)
 idx=723 ✓ | true=2 (    Pullover) → pred=2 (    Pullover)
 idx=724 ✓ | true=6 (       Shirt) → pred=6 (       Shirt)
 idx=725 ✗ | true=6 (       Shirt) → pred=4 (        Coat)
 idx=726 ✓ | true=6 (       Shirt) → pred=6 (       Shirt)
 idx=727 ✓ | true=4 (        Coat) → pred=4 (        Coat)
 idx=728 ✓ | true=1 (     Trouser) → pred=1 (     Trouser)
 idx=729 ✓ | true=5 (      Sandal) → pred=5 (      Sandal)
 idx=730 ✓ | true=9 (  Ankle boot) → pred=9 (  Ankle boot)
 idx=731 ✓ | true=0 ( T-shirt/top) → pred=0 ( T-shirt/top)
 idx=732 ✗ | true=2 (    Pullover) → pred=0 ( T-shirt/top)
 idx=733 ✓ | true=1 (     Trouser) → pred=1 (     Trouser)
 idx=734 ✓ | true=6 (       Shirt) → pred=6 (       Shirt)
 idx=735 ✓ | true=5 (      Sandal) → pred=5 (      Sandal)
 idx=736 ✓ | true=0 ( T-shirt/top) → pred=0 ( T-shirt/top)
 idx=737 ✓ | true=0 ( T-shirt/top) → pred=0 ( T-shirt/top)
 idx=738 ✓ | true=3 (       Dress) → pred=3 (       Dress)
 idx=739 ✓ | true=3 (       Dress) → pred=3 (       Dress)
 idx=740 ✓ | true=3 (       Dress) → pred=3 (       Dress)
 idx=741 ✓ | true=8 (         Bag) → pred=8 (         Bag)
 idx=742 ✓ | true=1 (     Trouser) → pred=1 (     Trouser)
 idx=743 ✓ | true=1 (     Trouser) → pred=1 (     Trouser)
 idx=744 ✓ | true=8 (         Bag) → pred=8 (         Bag)
 idx=745 ✓ | true=5 (      Sandal) → pred=5 (      Sandal)
 idx=746 ✓ | true=7 (     Sneaker) → pred=7 (     Sneaker)
 idx=747 ✓ | true=7 (     Sneaker) → pred=7 (     Sneaker)
 idx=748 ✓ | true=8 (         Bag) → pred=8 (         Bag)
 idx=749 ✓ | true=7 (     Sneaker) → pred=7 (     Sneaker)
 idx=750 ✓ | true=2 (    Pullover) → pred=2 (    Pullover)
 idx=751 ✓ | true=0 ( T-shirt/top) → pred=0 ( T-shirt/top)
 idx=752 ✓ | true=7 (     Sneaker) → pred=7 (     Sneaker)
 idx=753 ✗ | true=3 (       Dress) → pred=6 (       Shirt)
 idx=754 ✓ | true=8 (         Bag) → pred=8 (         Bag)
 idx=755 ✓ | true=0 ( T-shirt/top) → pred=0 ( T-shirt/top)
 idx=756 ✓ | true=9 (  Ankle boot) → pred=9 (  Ankle boot)
 idx=757 ✓ | true=7 (     Sneaker) → pred=7 (     Sneaker)
 idx=758 ✓ | true=6 (       Shirt) → pred=6 (       Shirt)
 idx=759 ✓ | true=1 (     Trouser) → pred=1 (     Trouser)
 idx=760 ✗ | true=2 (    Pullover) → pred=6 (       Shirt)
 idx=761 ✗ | true=6 (       Shirt) → pred=2 (    Pullover)
 idx=762 ✓ | true=4 (        Coat) → pred=4 (        Coat)
 idx=763 ✓ | true=8 (         Bag) → pred=8 (         Bag)
 idx=764 ✓ | true=0 ( T-shirt/top) → pred=0 ( T-shirt/top)
 idx=765 ✓ | true=6 (       Shirt) → pred=6 (       Shirt)
 idx=766 ✓ | true=3 (       Dress) → pred=3 (       Dress)
 idx=767 ✓ | true=6 (       Shirt) → pred=6 (       Shirt)
 idx=768 ✓ | true=8 (         Bag) → pred=8 (         Bag)
 idx=769 ✓ | true=4 (        Coat) → pred=4 (        Coat)
 idx=770 ✓ | true=0 ( T-shirt/top) → pred=0 ( T-shirt/top)
 idx=771 ✓ | true=8 (         Bag) → pred=8 (         Bag)
 idx=772 ✓ | true=9 (  Ankle boot) → pred=9 (  Ankle boot)
 idx=773 ✓ | true=2 (    Pullover) → pred=2 (    Pullover)
 idx=774 ✓ | true=4 (        Coat) → pred=4 (        Coat)
 idx=775 ✓ | true=5 (      Sandal) → pred=5 (      Sandal)
 idx=776 ✓ | true=9 (  Ankle boot) → pred=9 (  Ankle boot)
 idx=777 ✓ | true=1 (     Trouser) → pred=1 (     Trouser)
 idx=778 ✓ | true=4 (        Coat) → pred=4 (        Coat)
 idx=779 ✓ | true=4 (        Coat) → pred=4 (        Coat)
 idx=780 ✓ | true=9 (  Ankle boot) → pred=9 (  Ankle boot)
 idx=781 ✓ | true=2 (    Pullover) → pred=2 (    Pullover)
 idx=782 ✓ | true=1 (     Trouser) → pred=1 (     Trouser)
 idx=783 ✓ | true=7 (     Sneaker) → pred=7 (     Sneaker)
 idx=784 ✓ | true=9 (  Ankle boot) → pred=9 (  Ankle boot)
 idx=785 ✓ | true=5 (      Sandal) → pred=5 (      Sandal)
 idx=786 ✓ | true=8 (         Bag) → pred=8 (         Bag)
 idx=787 ✗ | true=1 (     Trouser) → pred=3 (       Dress)
 idx=788 ✓ | true=7 (     Sneaker) → pred=7 (     Sneaker)
 idx=789 ✓ | true=7 (     Sneaker) → pred=7 (     Sneaker)
 idx=790 ✓ | true=1 (     Trouser) → pred=1 (     Trouser)
 idx=791 ✓ | true=1 (     Trouser) → pred=1 (     Trouser)
 idx=792 ✓ | true=1 (     Trouser) → pred=1 (     Trouser)
 idx=793 ✓ | true=6 (       Shirt) → pred=6 (       Shirt)
 idx=794 ✓ | true=9 (  Ankle boot) → pred=9 (  Ankle boot)
 idx=795 ✓ | true=5 (      Sandal) → pred=5 (      Sandal)
 idx=796 ✓ | true=3 (       Dress) → pred=3 (       Dress)
 idx=797 ✓ | true=8 (         Bag) → pred=8 (         Bag)
 idx=798 ✓ | true=4 (        Coat) → pred=4 (        Coat)
 idx=799 ✓ | true=2 (    Pullover) → pred=2 (    Pullover)
 idx=800 ✗ | true=7 (     Sneaker) → pred=9 (  Ankle boot)
 idx=801 ✗ | true=4 (        Coat) → pred=2 (    Pullover)
 idx=802 ✓ | true=8 (         Bag) → pred=8 (         Bag)
 idx=803 ✓ | true=3 (       Dress) → pred=3 (       Dress)
 idx=804 ✓ | true=2 (    Pullover) → pred=2 (    Pullover)
 idx=805 ✓ | true=4 (        Coat) → pred=4 (        Coat)
 idx=806 ✓ | true=4 (        Coat) → pred=4 (        Coat)
 idx=807 ✓ | true=7 (     Sneaker) → pred=7 (     Sneaker)
 idx=808 ✓ | true=1 (     Trouser) → pred=1 (     Trouser)
 idx=809 ✓ | true=4 (        Coat) → pred=4 (        Coat)
 idx=810 ✓ | true=9 (  Ankle boot) → pred=9 (  Ankle boot)
 idx=811 ✓ | true=3 (       Dress) → pred=3 (       Dress)
 idx=812 ✓ | true=5 (      Sandal) → pred=5 (      Sandal)
 idx=813 ✓ | true=8 (         Bag) → pred=8 (         Bag)
 idx=814 ✓ | true=5 (      Sandal) → pred=5 (      Sandal)
 idx=815 ✓ | true=4 (        Coat) → pred=4 (        Coat)
 idx=816 ✓ | true=7 (     Sneaker) → pred=7 (     Sneaker)
 idx=817 ✓ | true=2 (    Pullover) → pred=2 (    Pullover)
 idx=818 ✓ | true=8 (         Bag) → pred=8 (         Bag)
 idx=819 ✓ | true=5 (      Sandal) → pred=5 (      Sandal)
 idx=820 ✓ | true=9 (  Ankle boot) → pred=9 (  Ankle boot)
 idx=821 ✓ | true=3 (       Dress) → pred=3 (       Dress)
 idx=822 ✓ | true=3 (       Dress) → pred=3 (       Dress)
 idx=823 ✓ | true=6 (       Shirt) → pred=6 (       Shirt)
 idx=824 ✓ | true=7 (     Sneaker) → pred=7 (     Sneaker)
 idx=825 ✓ | true=1 (     Trouser) → pred=1 (     Trouser)
 idx=826 ✓ | true=7 (     Sneaker) → pred=7 (     Sneaker)
 idx=827 ✓ | true=3 (       Dress) → pred=3 (       Dress)
 idx=828 ✓ | true=5 (      Sandal) → pred=5 (      Sandal)
 idx=829 ✓ | true=4 (        Coat) → pred=4 (        Coat)
 idx=830 ✓ | true=4 (        Coat) → pred=4 (        Coat)
 idx=831 ✓ | true=5 (      Sandal) → pred=5 (      Sandal)
 idx=832 ✓ | true=8 (         Bag) → pred=8 (         Bag)
 idx=833 ✓ | true=3 (       Dress) → pred=3 (       Dress)
 idx=834 ✓ | true=7 (     Sneaker) → pred=7 (     Sneaker)
 idx=835 ✓ | true=1 (     Trouser) → pred=1 (     Trouser)
 idx=836 ✓ | true=2 (    Pullover) → pred=2 (    Pullover)
 idx=837 ✓ | true=6 (       Shirt) → pred=6 (       Shirt)
 idx=838 ✓ | true=1 (     Trouser) → pred=1 (     Trouser)
 idx=839 ✓ | true=9 (  Ankle boot) → pred=9 (  Ankle boot)
 idx=840 ✓ | true=8 (         Bag) → pred=8 (         Bag)
 idx=841 ✗ | true=2 (    Pullover) → pred=4 (        Coat)
 idx=842 ✓ | true=7 (     Sneaker) → pred=7 (     Sneaker)
 idx=843 ✓ | true=1 (     Trouser) → pred=1 (     Trouser)
 idx=844 ✓ | true=3 (       Dress) → pred=3 (       Dress)
 idx=845 ✓ | true=7 (     Sneaker) → pred=7 (     Sneaker)
 idx=846 ✓ | true=5 (      Sandal) → pred=5 (      Sandal)
 idx=847 ✓ | true=9 (  Ankle boot) → pred=9 (  Ankle boot)
 idx=848 ✓ | true=9 (  Ankle boot) → pred=9 (  Ankle boot)
 idx=849 ✓ | true=1 (     Trouser) → pred=1 (     Trouser)
 idx=850 ✓ | true=8 (         Bag) → pred=8 (         Bag)
 idx=851 ✗ | true=2 (    Pullover) → pred=4 (        Coat)
 idx=852 ✓ | true=5 (      Sandal) → pred=5 (      Sandal)
 idx=853 ✓ | true=7 (     Sneaker) → pred=7 (     Sneaker)
 idx=854 ✓ | true=1 (     Trouser) → pred=1 (     Trouser)
 idx=855 ✓ | true=9 (  Ankle boot) → pred=9 (  Ankle boot)
 idx=856 ✓ | true=8 (         Bag) → pred=8 (         Bag)
 idx=857 ✓ | true=1 (     Trouser) → pred=1 (     Trouser)
 idx=858 ✓ | true=0 ( T-shirt/top) → pred=0 ( T-shirt/top)
 idx=859 ✓ | true=0 ( T-shirt/top) → pred=0 ( T-shirt/top)
 idx=860 ✓ | true=6 (       Shirt) → pred=6 (       Shirt)
 idx=861 ✓ | true=1 (     Trouser) → pred=1 (     Trouser)
 idx=862 ✓ | true=7 (     Sneaker) → pred=7 (     Sneaker)
 idx=863 ✓ | true=1 (     Trouser) → pred=1 (     Trouser)
 idx=864 ✓ | true=1 (     Trouser) → pred=1 (     Trouser)
 idx=865 ✓ | true=5 (      Sandal) → pred=5 (      Sandal)
 idx=866 ✓ | true=7 (     Sneaker) → pred=7 (     Sneaker)
 idx=867 ✓ | true=1 (     Trouser) → pred=1 (     Trouser)
 idx=868 ✓ | true=5 (      Sandal) → pred=5 (      Sandal)
 idx=869 ✓ | true=2 (    Pullover) → pred=2 (    Pullover)
 idx=870 ✗ | true=2 (    Pullover) → pred=6 (       Shirt)
 idx=871 ✓ | true=3 (       Dress) → pred=3 (       Dress)
 idx=872 ✓ | true=3 (       Dress) → pred=3 (       Dress)
 idx=873 ✓ | true=1 (     Trouser) → pred=1 (     Trouser)
 idx=874 ✓ | true=1 (     Trouser) → pred=1 (     Trouser)
 idx=875 ✓ | true=4 (        Coat) → pred=4 (        Coat)
 idx=876 ✓ | true=9 (  Ankle boot) → pred=9 (  Ankle boot)
 idx=877 ✓ | true=4 (        Coat) → pred=4 (        Coat)
 idx=878 ✓ | true=3 (       Dress) → pred=3 (       Dress)
 idx=879 ✓ | true=7 (     Sneaker) → pred=7 (     Sneaker)
 idx=880 ✓ | true=7 (     Sneaker) → pred=7 (     Sneaker)
 idx=881 ✗ | true=0 ( T-shirt/top) → pred=6 (       Shirt)
 idx=882 ✓ | true=8 (         Bag) → pred=8 (         Bag)
 idx=883 ✓ | true=9 (  Ankle boot) → pred=9 (  Ankle boot)
 idx=884 ✓ | true=9 (  Ankle boot) → pred=9 (  Ankle boot)
 idx=885 ✓ | true=6 (       Shirt) → pred=6 (       Shirt)
 idx=886 ✓ | true=1 (     Trouser) → pred=1 (     Trouser)
 idx=887 ✓ | true=3 (       Dress) → pred=3 (       Dress)
 idx=888 ✓ | true=4 (        Coat) → pred=4 (        Coat)
 idx=889 ✓ | true=0 ( T-shirt/top) → pred=0 ( T-shirt/top)
 idx=890 ✓ | true=0 ( T-shirt/top) → pred=0 ( T-shirt/top)
 idx=891 ✓ | true=5 (      Sandal) → pred=5 (      Sandal)
 idx=892 ✓ | true=9 (  Ankle boot) → pred=9 (  Ankle boot)
 idx=893 ✓ | true=2 (    Pullover) → pred=2 (    Pullover)
 idx=894 ✓ | true=0 ( T-shirt/top) → pred=0 ( T-shirt/top)
 idx=895 ✓ | true=5 (      Sandal) → pred=5 (      Sandal)
 idx=896 ✓ | true=5 (      Sandal) → pred=5 (      Sandal)
 idx=897 ✓ | true=1 (     Trouser) → pred=1 (     Trouser)
 idx=898 ✓ | true=5 (      Sandal) → pred=5 (      Sandal)
 idx=899 ✓ | true=7 (     Sneaker) → pred=7 (     Sneaker)
 idx=900 ✓ | true=8 (         Bag) → pred=8 (         Bag)
 idx=901 ✓ | true=7 (     Sneaker) → pred=7 (     Sneaker)
 idx=902 ✗ | true=5 (      Sandal) → pred=7 (     Sneaker)
 idx=903 ✓ | true=3 (       Dress) → pred=3 (       Dress)
 idx=904 ✓ | true=6 (       Shirt) → pred=6 (       Shirt)
 idx=905 ✗ | true=4 (        Coat) → pred=6 (       Shirt)
 idx=906 ✓ | true=0 ( T-shirt/top) → pred=0 ( T-shirt/top)
 idx=907 ✓ | true=4 (        Coat) → pred=4 (        Coat)
 idx=908 ✓ | true=0 ( T-shirt/top) → pred=0 ( T-shirt/top)
 idx=909 ✓ | true=6 (       Shirt) → pred=6 (       Shirt)
 idx=910 ✓ | true=0 ( T-shirt/top) → pred=0 ( T-shirt/top)
 idx=911 ✓ | true=2 (    Pullover) → pred=2 (    Pullover)
 idx=912 ✓ | true=5 (      Sandal) → pred=5 (      Sandal)
 idx=913 ✓ | true=5 (      Sandal) → pred=5 (      Sandal)
 idx=914 ✓ | true=1 (     Trouser) → pred=1 (     Trouser)
 idx=915 ✓ | true=2 (    Pullover) → pred=2 (    Pullover)
 idx=916 ✓ | true=0 ( T-shirt/top) → pred=0 ( T-shirt/top)
 idx=917 ✓ | true=9 (  Ankle boot) → pred=9 (  Ankle boot)
 idx=918 ✓ | true=3 (       Dress) → pred=3 (       Dress)
 idx=919 ✓ | true=7 (     Sneaker) → pred=7 (     Sneaker)
 idx=920 ✓ | true=8 (         Bag) → pred=8 (         Bag)
 idx=921 ✗ | true=6 (       Shirt) → pred=4 (        Coat)
 idx=922 ✓ | true=8 (         Bag) → pred=8 (         Bag)
 idx=923 ✓ | true=3 (       Dress) → pred=3 (       Dress)
 idx=924 ✓ | true=4 (        Coat) → pred=4 (        Coat)
 idx=925 ✓ | true=7 (     Sneaker) → pred=7 (     Sneaker)
 idx=926 ✗ | true=0 ( T-shirt/top) → pred=6 (       Shirt)
 idx=927 ✓ | true=7 (     Sneaker) → pred=7 (     Sneaker)
 idx=928 ✓ | true=4 (        Coat) → pred=4 (        Coat)
 idx=929 ✓ | true=8 (         Bag) → pred=8 (         Bag)
 idx=930 ✗ | true=0 ( T-shirt/top) → pred=6 (       Shirt)
 idx=931 ✓ | true=3 (       Dress) → pred=3 (       Dress)
 idx=932 ✓ | true=4 (        Coat) → pred=4 (        Coat)
 idx=933 ✓ | true=4 (        Coat) → pred=4 (        Coat)
 idx=934 ✓ | true=3 (       Dress) → pred=3 (       Dress)
 idx=935 ✗ | true=4 (        Coat) → pred=6 (       Shirt)
 idx=936 ✓ | true=9 (  Ankle boot) → pred=9 (  Ankle boot)
 idx=937 ✗ | true=0 ( T-shirt/top) → pred=6 (       Shirt)
 idx=938 ✓ | true=6 (       Shirt) → pred=6 (       Shirt)
 idx=939 ✓ | true=4 (        Coat) → pred=4 (        Coat)
 idx=940 ✓ | true=9 (  Ankle boot) → pred=9 (  Ankle boot)
 idx=941 ✓ | true=1 (     Trouser) → pred=1 (     Trouser)
 idx=942 ✓ | true=8 (         Bag) → pred=8 (         Bag)
 idx=943 ✓ | true=1 (     Trouser) → pred=1 (     Trouser)
 idx=944 ✓ | true=7 (     Sneaker) → pred=7 (     Sneaker)
 idx=945 ✓ | true=5 (      Sandal) → pred=5 (      Sandal)
 idx=946 ✓ | true=5 (      Sandal) → pred=5 (      Sandal)
 idx=947 ✓ | true=6 (       Shirt) → pred=6 (       Shirt)
 idx=948 ✓ | true=0 ( T-shirt/top) → pred=0 ( T-shirt/top)
 idx=949 ✓ | true=2 (    Pullover) → pred=2 (    Pullover)
 idx=950 ✓ | true=1 (     Trouser) → pred=1 (     Trouser)
 idx=951 ✓ | true=0 ( T-shirt/top) → pred=0 ( T-shirt/top)
 idx=952 ✓ | true=5 (      Sandal) → pred=5 (      Sandal)
 idx=953 ✓ | true=4 (        Coat) → pred=4 (        Coat)
 idx=954 ✓ | true=0 ( T-shirt/top) → pred=0 ( T-shirt/top)
 idx=955 ✓ | true=0 ( T-shirt/top) → pred=0 ( T-shirt/top)
 idx=956 ✓ | true=6 (       Shirt) → pred=6 (       Shirt)
 idx=957 ✓ | true=7 (     Sneaker) → pred=7 (     Sneaker)
 idx=958 ✓ | true=5 (      Sandal) → pred=5 (      Sandal)
 idx=959 ✓ | true=0 ( T-shirt/top) → pred=0 ( T-shirt/top)
 idx=960 ✓ | true=3 (       Dress) → pred=3 (       Dress)
 idx=961 ✓ | true=5 (      Sandal) → pred=5 (      Sandal)
 idx=962 ✓ | true=9 (  Ankle boot) → pred=9 (  Ankle boot)
 idx=963 ✗ | true=6 (       Shirt) → pred=4 (        Coat)
 idx=964 ✓ | true=8 (         Bag) → pred=8 (         Bag)
 idx=965 ✗ | true=0 ( T-shirt/top) → pred=6 (       Shirt)
 idx=966 ✗ | true=6 (       Shirt) → pred=0 ( T-shirt/top)
 idx=967 ✓ | true=4 (        Coat) → pred=4 (        Coat)
 idx=968 ✓ | true=6 (       Shirt) → pred=6 (       Shirt)
 idx=969 ✓ | true=2 (    Pullover) → pred=2 (    Pullover)
 idx=970 ✓ | true=9 (  Ankle boot) → pred=9 (  Ankle boot)
 idx=971 ✓ | true=6 (       Shirt) → pred=6 (       Shirt)
 idx=972 ✓ | true=7 (     Sneaker) → pred=7 (     Sneaker)
 idx=973 ✓ | true=7 (     Sneaker) → pred=7 (     Sneaker)
 idx=974 ✓ | true=1 (     Trouser) → pred=1 (     Trouser)
 idx=975 ✓ | true=4 (        Coat) → pred=4 (        Coat)
 idx=976 ✗ | true=2 (    Pullover) → pred=4 (        Coat)
 idx=977 ✓ | true=6 (       Shirt) → pred=6 (       Shirt)
 idx=978 ✓ | true=5 (      Sandal) → pred=5 (      Sandal)
 idx=979 ✗ | true=3 (       Dress) → pred=0 ( T-shirt/top)
 idx=980 ✓ | true=9 (  Ankle boot) → pred=9 (  Ankle boot)
 idx=981 ✓ | true=9 (  Ankle boot) → pred=9 (  Ankle boot)
 idx=982 ✓ | true=8 (         Bag) → pred=8 (         Bag)
 idx=983 ✓ | true=8 (         Bag) → pred=8 (         Bag)
 idx=984 ✓ | true=3 (       Dress) → pred=3 (       Dress)
 idx=985 ✗ | true=0 ( T-shirt/top) → pred=6 (       Shirt)
 idx=986 ✓ | true=2 (    Pullover) → pred=2 (    Pullover)
 idx=987 ✓ | true=4 (        Coat) → pred=4 (        Coat)
 idx=988 ✓ | true=6 (       Shirt) → pred=6 (       Shirt)
 idx=989 ✓ | true=6 (       Shirt) → pred=6 (       Shirt)
 idx=990 ✓ | true=3 (       Dress) → pred=3 (       Dress)
 idx=991 ✓ | true=2 (    Pullover) → pred=2 (    Pullover)
 idx=992 ✓ | true=3 (       Dress) → pred=3 (       Dress)
 idx=993 ✓ | true=5 (      Sandal) → pred=5 (      Sandal)
 idx=994 ✓ | true=4 (        Coat) → pred=4 (        Coat)
 idx=995 ✓ | true=9 (  Ankle boot) → pred=9 (  Ankle boot)
 idx=996 ✓ | true=3 (       Dress) → pred=3 (       Dress)
 idx=997 ✓ | true=4 (        Coat) → pred=4 (        Coat)
 idx=998 ✓ | true=7 (     Sneaker) → pred=7 (     Sneaker)
 idx=999 ✓ | true=7 (     Sneaker) → pred=7 (     Sneaker)

__SUMMARY__ {"acc_percent": 88.33, "device": "cpu", "num_test_samples": 10000, "model_bytes": 236218, "checkpoint_path": "runs/20251220_025958/k2_poolmean_hd64_lr0p001_bs64_wd0p0_d2_lam0p1_thr0p3_roll3_rep0/k2_poolmean_hd64_lr0p001_bs64_wd0p0_d2_lam0p1_thr0p3_roll3_rep0.pt", "version": "2.0.0", "latency_ms_mean": 0.3899, "latency_ms_p50": 0.3794, "latency_ms_p90": 0.4299, "latency_ms_p99": 0.4603, "latency_num_samples": 1000, "avg_nodes_per_example": 7.0, "theoretical_max_nodes": 7, "sparsity_percent": 0.0, "node_samples": 100, "debug_policy_mean_grow_prob": 0.4846, "debug_policy_above_threshold_pct": 100.0, "model_config": {"hidden_dim": 64, "max_depth": 2, "max_children": 2, "pooling_mode": "mean", "greedy_threshold": 0.3, "num_rollouts": 3, "lambda_efficiency": 0.1, "beta_entropy": 0.01, "beta_policy": 0.5}}
